#
# A fatal error has been detected by the Java Runtime Environment:
#
#  Internal Error (generateOopMap.cpp:2164), pid=5504, tid=20684
#  fatal error: Illegal class file encountered. Try running with -Xverify:all in method test
#
# JRE version: Java(TM) SE Runtime Environment (16.0.2+7) (build 16.0.2+7-67)
# Java VM: Java HotSpot(TM) 64-Bit Server VM (16.0.2+7-67, mixed mode, sharing, tiered, compressed oops, compressed class ptrs, g1 gc, windows-amd64)
# No core dump will be written. Minidumps are not enabled by default on client versions of Windows
#
# If you would like to submit a bug report, please visit:
#   https://bugreport.java.com/bugreport/crash.jsp
#

---------------  S U M M A R Y ------------

Command Line: -XX:+ShowCodeDetailsInExceptionMessages -agentlib:jdwp=transport=dt_socket,suspend=y,address=localhost:56020 -ea -javaagent:C:\Users\Pedro\eclipse\java-2022-03\eclipse\configuration\org.eclipse.osgi\225\0\.cp\lib\javaagent-shaded.jar -Dfile.encoding=Cp1252 org.eclipse.jdt.internal.junit.runner.RemoteTestRunner -version 3 -port 56019 -testLoaderClass org.eclipse.jdt.internal.junit5.runner.JUnit5TestLoader -loaderpluginname org.eclipse.jdt.junit5.runtime -classNames br.unicamp.ic.inf335.beans.ProdutoBeanTest

Host: Intel(R) Core(TM) i7-7700HQ CPU @ 2.80GHz, 8 cores, 15G,  Windows 10 , 64 bit Build 19041 (10.0.19041.1566)
Time: Mon Apr 11 20:11:35 2022 Hora oficial do Brasil elapsed time: 331.198757 seconds (0d 0h 5m 31s)

---------------  T H R E A D  ---------------

Current thread (0x000002099a730570):  VMThread "VM Thread" [stack: 0x000000d655a00000,0x000000d655b00000] [id=20684]

Stack: [0x000000d655a00000,0x000000d655b00000]
Native frames: (J=compiled Java code, j=interpreted, Vv=VM code, C=native code)
V  [jvm.dll+0x6681ca]
V  [jvm.dll+0x7c9e69]
V  [jvm.dll+0x7cb61e]
V  [jvm.dll+0x7cbc27]
V  [jvm.dll+0x2429b3]
V  [jvm.dll+0x330cf9]
V  [jvm.dll+0x330571]
V  [jvm.dll+0x32f9b6]
V  [jvm.dll+0x32cdaf]
V  [jvm.dll+0x32c037]
V  [jvm.dll+0x656cce]
V  [jvm.dll+0x6569d3]
V  [jvm.dll+0x61c1e8]
V  [jvm.dll+0x7c18f5]
V  [jvm.dll+0x520446]
V  [jvm.dll+0x7d00ab]
V  [jvm.dll+0x7d0da4]
V  [jvm.dll+0x7d12a9]
V  [jvm.dll+0x7d1564]
V  [jvm.dll+0x7d1630]
V  [jvm.dll+0x7795aa]
V  [jvm.dll+0x667066]
C  [ucrtbase.dll+0x21bb2]
C  [KERNEL32.DLL+0x17034]
C  [ntdll.dll+0x52651]

VM_Operation (0x000000d6565ff710): get/set locals, mode: safepoint, requested by thread 0x000002099b27ea20


---------------  P R O C E S S  ---------------

Threads class SMR info:
_java_thread_list=0x000002099be280f0, length=16, elements={
0x00000209f5aa6220, 0x000002099a733d30, 0x000002099a735370, 0x000002099a7460d0,
0x000002099a749a00, 0x000002099a74a310, 0x000002099a74ac20, 0x000002099a74b910,
0x000002099b164540, 0x000002099b16a670, 0x000002099b203990, 0x000002099b27ea20,
0x000002099b281900, 0x000002099b281e40, 0x000002099b48c300, 0x000002099b994400
}

Java Threads: ( => current thread )
  0x00000209f5aa6220 JavaThread "main" [_thread_blocked, id=10120, stack(0x000000d655400000,0x000000d655500000)]
  0x000002099a733d30 JavaThread "Reference Handler" daemon [_thread_blocked, id=2648, stack(0x000000d655b00000,0x000000d655c00000)]
  0x000002099a735370 JavaThread "Finalizer" daemon [_thread_blocked, id=7952, stack(0x000000d655c00000,0x000000d655d00000)]
  0x000002099a7460d0 JavaThread "Signal Dispatcher" daemon [_thread_blocked, id=852, stack(0x000000d655d00000,0x000000d655e00000)]
  0x000002099a749a00 JavaThread "Attach Listener" daemon [_thread_blocked, id=12924, stack(0x000000d655e00000,0x000000d655f00000)]
  0x000002099a74a310 JavaThread "Service Thread" daemon [_thread_blocked, id=14268, stack(0x000000d655f00000,0x000000d656000000)]
  0x000002099a74ac20 JavaThread "Monitor Deflation Thread" daemon [_thread_blocked, id=17236, stack(0x000000d656000000,0x000000d656100000)]
  0x000002099a74b910 JavaThread "C2 CompilerThread0" daemon [_thread_blocked, id=4316, stack(0x000000d656100000,0x000000d656200000)]
  0x000002099b164540 JavaThread "C1 CompilerThread0" daemon [_thread_blocked, id=9736, stack(0x000000d656200000,0x000000d656300000)]
  0x000002099b16a670 JavaThread "Sweeper thread" daemon [_thread_blocked, id=18140, stack(0x000000d656300000,0x000000d656400000)]
  0x000002099b203990 JavaThread "Common-Cleaner" daemon [_thread_blocked, id=21196, stack(0x000000d656400000,0x000000d656500000)]
  0x000002099b27ea20 JavaThread "JDWP Transport Listener: dt_socket" daemon [_thread_blocked, id=9716, stack(0x000000d656500000,0x000000d656600000)]
  0x000002099b281900 JavaThread "JDWP Event Helper Thread" daemon [_thread_blocked, id=14220, stack(0x000000d656600000,0x000000d656700000)]
  0x000002099b281e40 JavaThread "JDWP Command Reader" daemon [_thread_in_native, id=12308, stack(0x000000d656700000,0x000000d656800000)]
  0x000002099b48c300 JavaThread "Notification Thread" daemon [_thread_blocked, id=11508, stack(0x000000d656800000,0x000000d656900000)]
  0x000002099b994400 JavaThread "ReaderThread" [_thread_in_native, id=15392, stack(0x000000d656b00000,0x000000d656c00000)]

Other Threads:
=>0x000002099a730570 VMThread "VM Thread" [stack: 0x000000d655a00000,0x000000d655b00000] [id=20684]
  0x000002099b48f040 WatcherThread [stack: 0x000000d656900000,0x000000d656a00000] [id=13836]
  0x00000209f5af6440 GCTaskThread "GC Thread#0" [stack: 0x000000d655500000,0x000000d655600000] [id=16696]
  0x000002099b989e80 GCTaskThread "GC Thread#1" [stack: 0x000000d656c00000,0x000000d656d00000] [id=18468]
  0x000002099bbd1a70 GCTaskThread "GC Thread#2" [stack: 0x000000d656d00000,0x000000d656e00000] [id=9248]
  0x000002099bbd1d80 GCTaskThread "GC Thread#3" [stack: 0x000000d656e00000,0x000000d656f00000] [id=13672]
  0x000002099bbd2090 GCTaskThread "GC Thread#4" [stack: 0x000000d656f00000,0x000000d657000000] [id=15964]
  0x000002099bd82a20 GCTaskThread "GC Thread#5" [stack: 0x000000d657000000,0x000000d657100000] [id=2112]
  0x000002099bd9af80 GCTaskThread "GC Thread#6" [stack: 0x000000d657100000,0x000000d657200000] [id=11572]
  0x000002099bd82d30 GCTaskThread "GC Thread#7" [stack: 0x000000d657200000,0x000000d657300000] [id=18356]
  0x00000209f5b091f0 ConcurrentGCThread "G1 Main Marker" [stack: 0x000000d655600000,0x000000d655700000] [id=7948]
  0x00000209f5b0a3e0 ConcurrentGCThread "G1 Conc#0" [stack: 0x000000d655700000,0x000000d655800000] [id=8672]
  0x00000209f5b7eb90 ConcurrentGCThread "G1 Refine#0" [stack: 0x000000d655800000,0x000000d655900000] [id=13376]
  0x000002099a5e4a20 ConcurrentGCThread "G1 Service" [stack: 0x000000d655900000,0x000000d655a00000] [id=6892]

Threads with active compile tasks:

VM state: at safepoint (normal execution)

VM Mutex/Monitor currently owned by a thread:  ([mutex/lock_event])
[0x00000209f5aa1620] Threads_lock - owner thread: 0x000002099a730570

Heap address: 0x0000000701c00000, size: 4068 MB, Compressed Oops mode: Zero based, Oop shift amount: 3

CDS archive(s) mapped at: [0x0000000800000000-0x0000000800bb0000-0x0000000800bb0000), size 12255232, SharedBaseAddress: 0x0000000800000000, ArchiveRelocationMode: 0.
Compressed class space mapped at: 0x0000000800c00000-0x0000000840c00000, reserved size: 1073741824
Narrow klass base: 0x0000000800000000, Narrow klass shift: 3, Narrow klass range: 0x100000000

GC Precious Log:
 CPUs: 8 total, 8 available
 Memory: 16267M
 Large Page Support: Disabled
 NUMA Support: Disabled
 Compressed Oops: Enabled (Zero based)
 Heap Region Size: 2M
 Heap Min Capacity: 8M
 Heap Initial Capacity: 256M
 Heap Max Capacity: 4068M
 Pre-touch: Disabled
 Parallel Workers: 8
 Concurrent Workers: 2
 Concurrent Refinement Workers: 8
 Periodic GC: Disabled

Heap:
 garbage-first heap   total 262144K, used 25214K [0x0000000701c00000, 0x0000000800000000)
  region size 2048K, 14 young (28672K), 2 survivors (4096K)
 Metaspace       used 7147K, committed 7296K, reserved 1056768K
  class space    used 804K, committed 896K, reserved 1048576K

Heap Regions: E=young(eden), S=young(survivor), O=old, HS=humongous(starts), HC=humongous(continues), CS=collection set, F=free, OA=open archive, CA=closed archive, TAMS=top-at-mark-start (previous, next)
|   0|0x0000000701c00000, 0x0000000701c00000, 0x0000000701e00000|  0%| F|  |TAMS 0x0000000701c00000, 0x0000000701c00000| Untracked 
|   1|0x0000000701e00000, 0x0000000701e00000, 0x0000000702000000|  0%| F|  |TAMS 0x0000000701e00000, 0x0000000701e00000| Untracked 
|   2|0x0000000702000000, 0x0000000702000000, 0x0000000702200000|  0%| F|  |TAMS 0x0000000702000000, 0x0000000702000000| Untracked 
|   3|0x0000000702200000, 0x0000000702200000, 0x0000000702400000|  0%| F|  |TAMS 0x0000000702200000, 0x0000000702200000| Untracked 
|   4|0x0000000702400000, 0x0000000702400000, 0x0000000702600000|  0%| F|  |TAMS 0x0000000702400000, 0x0000000702400000| Untracked 
|   5|0x0000000702600000, 0x0000000702600000, 0x0000000702800000|  0%| F|  |TAMS 0x0000000702600000, 0x0000000702600000| Untracked 
|   6|0x0000000702800000, 0x0000000702800000, 0x0000000702a00000|  0%| F|  |TAMS 0x0000000702800000, 0x0000000702800000| Untracked 
|   7|0x0000000702a00000, 0x0000000702a00000, 0x0000000702c00000|  0%| F|  |TAMS 0x0000000702a00000, 0x0000000702a00000| Untracked 
|   8|0x0000000702c00000, 0x0000000702c00000, 0x0000000702e00000|  0%| F|  |TAMS 0x0000000702c00000, 0x0000000702c00000| Untracked 
|   9|0x0000000702e00000, 0x0000000702e00000, 0x0000000703000000|  0%| F|  |TAMS 0x0000000702e00000, 0x0000000702e00000| Untracked 
|  10|0x0000000703000000, 0x0000000703000000, 0x0000000703200000|  0%| F|  |TAMS 0x0000000703000000, 0x0000000703000000| Untracked 
|  11|0x0000000703200000, 0x0000000703200000, 0x0000000703400000|  0%| F|  |TAMS 0x0000000703200000, 0x0000000703200000| Untracked 
|  12|0x0000000703400000, 0x0000000703400000, 0x0000000703600000|  0%| F|  |TAMS 0x0000000703400000, 0x0000000703400000| Untracked 
|  13|0x0000000703600000, 0x0000000703600000, 0x0000000703800000|  0%| F|  |TAMS 0x0000000703600000, 0x0000000703600000| Untracked 
|  14|0x0000000703800000, 0x0000000703800000, 0x0000000703a00000|  0%| F|  |TAMS 0x0000000703800000, 0x0000000703800000| Untracked 
|  15|0x0000000703a00000, 0x0000000703a00000, 0x0000000703c00000|  0%| F|  |TAMS 0x0000000703a00000, 0x0000000703a00000| Untracked 
|  16|0x0000000703c00000, 0x0000000703c00000, 0x0000000703e00000|  0%| F|  |TAMS 0x0000000703c00000, 0x0000000703c00000| Untracked 
|  17|0x0000000703e00000, 0x0000000703e00000, 0x0000000704000000|  0%| F|  |TAMS 0x0000000703e00000, 0x0000000703e00000| Untracked 
|  18|0x0000000704000000, 0x0000000704000000, 0x0000000704200000|  0%| F|  |TAMS 0x0000000704000000, 0x0000000704000000| Untracked 
|  19|0x0000000704200000, 0x0000000704200000, 0x0000000704400000|  0%| F|  |TAMS 0x0000000704200000, 0x0000000704200000| Untracked 
|  20|0x0000000704400000, 0x0000000704400000, 0x0000000704600000|  0%| F|  |TAMS 0x0000000704400000, 0x0000000704400000| Untracked 
|  21|0x0000000704600000, 0x0000000704600000, 0x0000000704800000|  0%| F|  |TAMS 0x0000000704600000, 0x0000000704600000| Untracked 
|  22|0x0000000704800000, 0x0000000704800000, 0x0000000704a00000|  0%| F|  |TAMS 0x0000000704800000, 0x0000000704800000| Untracked 
|  23|0x0000000704a00000, 0x0000000704a00000, 0x0000000704c00000|  0%| F|  |TAMS 0x0000000704a00000, 0x0000000704a00000| Untracked 
|  24|0x0000000704c00000, 0x0000000704c00000, 0x0000000704e00000|  0%| F|  |TAMS 0x0000000704c00000, 0x0000000704c00000| Untracked 
|  25|0x0000000704e00000, 0x0000000704e00000, 0x0000000705000000|  0%| F|  |TAMS 0x0000000704e00000, 0x0000000704e00000| Untracked 
|  26|0x0000000705000000, 0x0000000705000000, 0x0000000705200000|  0%| F|  |TAMS 0x0000000705000000, 0x0000000705000000| Untracked 
|  27|0x0000000705200000, 0x0000000705200000, 0x0000000705400000|  0%| F|  |TAMS 0x0000000705200000, 0x0000000705200000| Untracked 
|  28|0x0000000705400000, 0x0000000705400000, 0x0000000705600000|  0%| F|  |TAMS 0x0000000705400000, 0x0000000705400000| Untracked 
|  29|0x0000000705600000, 0x0000000705600000, 0x0000000705800000|  0%| F|  |TAMS 0x0000000705600000, 0x0000000705600000| Untracked 
|  30|0x0000000705800000, 0x0000000705800000, 0x0000000705a00000|  0%| F|  |TAMS 0x0000000705800000, 0x0000000705800000| Untracked 
|  31|0x0000000705a00000, 0x0000000705a00000, 0x0000000705c00000|  0%| F|  |TAMS 0x0000000705a00000, 0x0000000705a00000| Untracked 
|  32|0x0000000705c00000, 0x0000000705c00000, 0x0000000705e00000|  0%| F|  |TAMS 0x0000000705c00000, 0x0000000705c00000| Untracked 
|  33|0x0000000705e00000, 0x0000000705e00000, 0x0000000706000000|  0%| F|  |TAMS 0x0000000705e00000, 0x0000000705e00000| Untracked 
|  34|0x0000000706000000, 0x0000000706000000, 0x0000000706200000|  0%| F|  |TAMS 0x0000000706000000, 0x0000000706000000| Untracked 
|  35|0x0000000706200000, 0x0000000706200000, 0x0000000706400000|  0%| F|  |TAMS 0x0000000706200000, 0x0000000706200000| Untracked 
|  36|0x0000000706400000, 0x0000000706400000, 0x0000000706600000|  0%| F|  |TAMS 0x0000000706400000, 0x0000000706400000| Untracked 
|  37|0x0000000706600000, 0x0000000706600000, 0x0000000706800000|  0%| F|  |TAMS 0x0000000706600000, 0x0000000706600000| Untracked 
|  38|0x0000000706800000, 0x0000000706800000, 0x0000000706a00000|  0%| F|  |TAMS 0x0000000706800000, 0x0000000706800000| Untracked 
|  39|0x0000000706a00000, 0x0000000706a00000, 0x0000000706c00000|  0%| F|  |TAMS 0x0000000706a00000, 0x0000000706a00000| Untracked 
|  40|0x0000000706c00000, 0x0000000706c00000, 0x0000000706e00000|  0%| F|  |TAMS 0x0000000706c00000, 0x0000000706c00000| Untracked 
|  41|0x0000000706e00000, 0x0000000706e00000, 0x0000000707000000|  0%| F|  |TAMS 0x0000000706e00000, 0x0000000706e00000| Untracked 
|  42|0x0000000707000000, 0x0000000707000000, 0x0000000707200000|  0%| F|  |TAMS 0x0000000707000000, 0x0000000707000000| Untracked 
|  43|0x0000000707200000, 0x0000000707200000, 0x0000000707400000|  0%| F|  |TAMS 0x0000000707200000, 0x0000000707200000| Untracked 
|  44|0x0000000707400000, 0x0000000707400000, 0x0000000707600000|  0%| F|  |TAMS 0x0000000707400000, 0x0000000707400000| Untracked 
|  45|0x0000000707600000, 0x0000000707600000, 0x0000000707800000|  0%| F|  |TAMS 0x0000000707600000, 0x0000000707600000| Untracked 
|  46|0x0000000707800000, 0x0000000707800000, 0x0000000707a00000|  0%| F|  |TAMS 0x0000000707800000, 0x0000000707800000| Untracked 
|  47|0x0000000707a00000, 0x0000000707a00000, 0x0000000707c00000|  0%| F|  |TAMS 0x0000000707a00000, 0x0000000707a00000| Untracked 
|  48|0x0000000707c00000, 0x0000000707c00000, 0x0000000707e00000|  0%| F|  |TAMS 0x0000000707c00000, 0x0000000707c00000| Untracked 
|  49|0x0000000707e00000, 0x0000000707e00000, 0x0000000708000000|  0%| F|  |TAMS 0x0000000707e00000, 0x0000000707e00000| Untracked 
|  50|0x0000000708000000, 0x0000000708000000, 0x0000000708200000|  0%| F|  |TAMS 0x0000000708000000, 0x0000000708000000| Untracked 
|  51|0x0000000708200000, 0x0000000708200000, 0x0000000708400000|  0%| F|  |TAMS 0x0000000708200000, 0x0000000708200000| Untracked 
|  52|0x0000000708400000, 0x0000000708400000, 0x0000000708600000|  0%| F|  |TAMS 0x0000000708400000, 0x0000000708400000| Untracked 
|  53|0x0000000708600000, 0x0000000708600000, 0x0000000708800000|  0%| F|  |TAMS 0x0000000708600000, 0x0000000708600000| Untracked 
|  54|0x0000000708800000, 0x0000000708800000, 0x0000000708a00000|  0%| F|  |TAMS 0x0000000708800000, 0x0000000708800000| Untracked 
|  55|0x0000000708a00000, 0x0000000708a00000, 0x0000000708c00000|  0%| F|  |TAMS 0x0000000708a00000, 0x0000000708a00000| Untracked 
|  56|0x0000000708c00000, 0x0000000708c00000, 0x0000000708e00000|  0%| F|  |TAMS 0x0000000708c00000, 0x0000000708c00000| Untracked 
|  57|0x0000000708e00000, 0x0000000708e00000, 0x0000000709000000|  0%| F|  |TAMS 0x0000000708e00000, 0x0000000708e00000| Untracked 
|  58|0x0000000709000000, 0x0000000709000000, 0x0000000709200000|  0%| F|  |TAMS 0x0000000709000000, 0x0000000709000000| Untracked 
|  59|0x0000000709200000, 0x0000000709200000, 0x0000000709400000|  0%| F|  |TAMS 0x0000000709200000, 0x0000000709200000| Untracked 
|  60|0x0000000709400000, 0x0000000709400000, 0x0000000709600000|  0%| F|  |TAMS 0x0000000709400000, 0x0000000709400000| Untracked 
|  61|0x0000000709600000, 0x0000000709600000, 0x0000000709800000|  0%| F|  |TAMS 0x0000000709600000, 0x0000000709600000| Untracked 
|  62|0x0000000709800000, 0x0000000709800000, 0x0000000709a00000|  0%| F|  |TAMS 0x0000000709800000, 0x0000000709800000| Untracked 
|  63|0x0000000709a00000, 0x0000000709a00000, 0x0000000709c00000|  0%| F|  |TAMS 0x0000000709a00000, 0x0000000709a00000| Untracked 
|  64|0x0000000709c00000, 0x0000000709c00000, 0x0000000709e00000|  0%| F|  |TAMS 0x0000000709c00000, 0x0000000709c00000| Untracked 
|  65|0x0000000709e00000, 0x0000000709e00000, 0x000000070a000000|  0%| F|  |TAMS 0x0000000709e00000, 0x0000000709e00000| Untracked 
|  66|0x000000070a000000, 0x000000070a000000, 0x000000070a200000|  0%| F|  |TAMS 0x000000070a000000, 0x000000070a000000| Untracked 
|  67|0x000000070a200000, 0x000000070a200000, 0x000000070a400000|  0%| F|  |TAMS 0x000000070a200000, 0x000000070a200000| Untracked 
|  68|0x000000070a400000, 0x000000070a400000, 0x000000070a600000|  0%| F|  |TAMS 0x000000070a400000, 0x000000070a400000| Untracked 
|  69|0x000000070a600000, 0x000000070a600000, 0x000000070a800000|  0%| F|  |TAMS 0x000000070a600000, 0x000000070a600000| Untracked 
|  70|0x000000070a800000, 0x000000070a800000, 0x000000070aa00000|  0%| F|  |TAMS 0x000000070a800000, 0x000000070a800000| Untracked 
|  71|0x000000070aa00000, 0x000000070aa00000, 0x000000070ac00000|  0%| F|  |TAMS 0x000000070aa00000, 0x000000070aa00000| Untracked 
|  72|0x000000070ac00000, 0x000000070ac00000, 0x000000070ae00000|  0%| F|  |TAMS 0x000000070ac00000, 0x000000070ac00000| Untracked 
|  73|0x000000070ae00000, 0x000000070ae00000, 0x000000070b000000|  0%| F|  |TAMS 0x000000070ae00000, 0x000000070ae00000| Untracked 
|  74|0x000000070b000000, 0x000000070b000000, 0x000000070b200000|  0%| F|  |TAMS 0x000000070b000000, 0x000000070b000000| Untracked 
|  75|0x000000070b200000, 0x000000070b200000, 0x000000070b400000|  0%| F|  |TAMS 0x000000070b200000, 0x000000070b200000| Untracked 
|  76|0x000000070b400000, 0x000000070b400000, 0x000000070b600000|  0%| F|  |TAMS 0x000000070b400000, 0x000000070b400000| Untracked 
|  77|0x000000070b600000, 0x000000070b600000, 0x000000070b800000|  0%| F|  |TAMS 0x000000070b600000, 0x000000070b600000| Untracked 
|  78|0x000000070b800000, 0x000000070b800000, 0x000000070ba00000|  0%| F|  |TAMS 0x000000070b800000, 0x000000070b800000| Untracked 
|  79|0x000000070ba00000, 0x000000070ba00000, 0x000000070bc00000|  0%| F|  |TAMS 0x000000070ba00000, 0x000000070ba00000| Untracked 
|  80|0x000000070bc00000, 0x000000070bc00000, 0x000000070be00000|  0%| F|  |TAMS 0x000000070bc00000, 0x000000070bc00000| Untracked 
|  81|0x000000070be00000, 0x000000070be00000, 0x000000070c000000|  0%| F|  |TAMS 0x000000070be00000, 0x000000070be00000| Untracked 
|  82|0x000000070c000000, 0x000000070c000000, 0x000000070c200000|  0%| F|  |TAMS 0x000000070c000000, 0x000000070c000000| Untracked 
|  83|0x000000070c200000, 0x000000070c200000, 0x000000070c400000|  0%| F|  |TAMS 0x000000070c200000, 0x000000070c200000| Untracked 
|  84|0x000000070c400000, 0x000000070c400000, 0x000000070c600000|  0%| F|  |TAMS 0x000000070c400000, 0x000000070c400000| Untracked 
|  85|0x000000070c600000, 0x000000070c600000, 0x000000070c800000|  0%| F|  |TAMS 0x000000070c600000, 0x000000070c600000| Untracked 
|  86|0x000000070c800000, 0x000000070c800000, 0x000000070ca00000|  0%| F|  |TAMS 0x000000070c800000, 0x000000070c800000| Untracked 
|  87|0x000000070ca00000, 0x000000070ca00000, 0x000000070cc00000|  0%| F|  |TAMS 0x000000070ca00000, 0x000000070ca00000| Untracked 
|  88|0x000000070cc00000, 0x000000070cc00000, 0x000000070ce00000|  0%| F|  |TAMS 0x000000070cc00000, 0x000000070cc00000| Untracked 
|  89|0x000000070ce00000, 0x000000070ce00000, 0x000000070d000000|  0%| F|  |TAMS 0x000000070ce00000, 0x000000070ce00000| Untracked 
|  90|0x000000070d000000, 0x000000070d000000, 0x000000070d200000|  0%| F|  |TAMS 0x000000070d000000, 0x000000070d000000| Untracked 
|  91|0x000000070d200000, 0x000000070d200000, 0x000000070d400000|  0%| F|  |TAMS 0x000000070d200000, 0x000000070d200000| Untracked 
|  92|0x000000070d400000, 0x000000070d400000, 0x000000070d600000|  0%| F|  |TAMS 0x000000070d400000, 0x000000070d400000| Untracked 
|  93|0x000000070d600000, 0x000000070d600000, 0x000000070d800000|  0%| F|  |TAMS 0x000000070d600000, 0x000000070d600000| Untracked 
|  94|0x000000070d800000, 0x000000070d800000, 0x000000070da00000|  0%| F|  |TAMS 0x000000070d800000, 0x000000070d800000| Untracked 
|  95|0x000000070da00000, 0x000000070da00000, 0x000000070dc00000|  0%| F|  |TAMS 0x000000070da00000, 0x000000070da00000| Untracked 
|  96|0x000000070dc00000, 0x000000070dc00000, 0x000000070de00000|  0%| F|  |TAMS 0x000000070dc00000, 0x000000070dc00000| Untracked 
|  97|0x000000070de00000, 0x000000070de00000, 0x000000070e000000|  0%| F|  |TAMS 0x000000070de00000, 0x000000070de00000| Untracked 
|  98|0x000000070e000000, 0x000000070e000000, 0x000000070e200000|  0%| F|  |TAMS 0x000000070e000000, 0x000000070e000000| Untracked 
|  99|0x000000070e200000, 0x000000070e200000, 0x000000070e400000|  0%| F|  |TAMS 0x000000070e200000, 0x000000070e200000| Untracked 
| 100|0x000000070e400000, 0x000000070e400000, 0x000000070e600000|  0%| F|  |TAMS 0x000000070e400000, 0x000000070e400000| Untracked 
| 101|0x000000070e600000, 0x000000070e600000, 0x000000070e800000|  0%| F|  |TAMS 0x000000070e600000, 0x000000070e600000| Untracked 
| 102|0x000000070e800000, 0x000000070e800000, 0x000000070ea00000|  0%| F|  |TAMS 0x000000070e800000, 0x000000070e800000| Untracked 
| 103|0x000000070ea00000, 0x000000070ea00000, 0x000000070ec00000|  0%| F|  |TAMS 0x000000070ea00000, 0x000000070ea00000| Untracked 
| 104|0x000000070ec00000, 0x000000070ec00000, 0x000000070ee00000|  0%| F|  |TAMS 0x000000070ec00000, 0x000000070ec00000| Untracked 
| 105|0x000000070ee00000, 0x000000070ee00000, 0x000000070f000000|  0%| F|  |TAMS 0x000000070ee00000, 0x000000070ee00000| Untracked 
| 106|0x000000070f000000, 0x000000070f000000, 0x000000070f200000|  0%| F|  |TAMS 0x000000070f000000, 0x000000070f000000| Untracked 
| 107|0x000000070f200000, 0x000000070f200000, 0x000000070f400000|  0%| F|  |TAMS 0x000000070f200000, 0x000000070f200000| Untracked 
| 108|0x000000070f400000, 0x000000070f400000, 0x000000070f600000|  0%| F|  |TAMS 0x000000070f400000, 0x000000070f400000| Untracked 
| 109|0x000000070f600000, 0x000000070f600000, 0x000000070f800000|  0%| F|  |TAMS 0x000000070f600000, 0x000000070f600000| Untracked 
| 110|0x000000070f800000, 0x000000070f800000, 0x000000070fa00000|  0%| F|  |TAMS 0x000000070f800000, 0x000000070f800000| Untracked 
| 111|0x000000070fa00000, 0x000000070fa00000, 0x000000070fc00000|  0%| F|  |TAMS 0x000000070fa00000, 0x000000070fa00000| Untracked 
| 112|0x000000070fc00000, 0x000000070fc00000, 0x000000070fe00000|  0%| F|  |TAMS 0x000000070fc00000, 0x000000070fc00000| Untracked 
| 113|0x000000070fe00000, 0x000000070fe00000, 0x0000000710000000|  0%| F|  |TAMS 0x000000070fe00000, 0x000000070fe00000| Untracked 
| 114|0x0000000710000000, 0x0000000710057b30, 0x0000000710200000| 17%| E|  |TAMS 0x0000000710000000, 0x0000000710000000| Complete 
| 115|0x0000000710200000, 0x000000071029fa90, 0x0000000710400000| 31%| S|CS|TAMS 0x0000000710200000, 0x0000000710200000| Complete 
| 116|0x0000000710400000, 0x0000000710600000, 0x0000000710600000|100%| S|CS|TAMS 0x0000000710400000, 0x0000000710400000| Complete 
| 117|0x0000000710600000, 0x0000000710800000, 0x0000000710800000|100%| E|CS|TAMS 0x0000000710600000, 0x0000000710600000| Complete 
| 118|0x0000000710800000, 0x0000000710a00000, 0x0000000710a00000|100%| E|CS|TAMS 0x0000000710800000, 0x0000000710800000| Complete 
| 119|0x0000000710a00000, 0x0000000710c00000, 0x0000000710c00000|100%| E|CS|TAMS 0x0000000710a00000, 0x0000000710a00000| Complete 
| 120|0x0000000710c00000, 0x0000000710e00000, 0x0000000710e00000|100%| E|CS|TAMS 0x0000000710c00000, 0x0000000710c00000| Complete 
| 121|0x0000000710e00000, 0x0000000711000000, 0x0000000711000000|100%| E|CS|TAMS 0x0000000710e00000, 0x0000000710e00000| Complete 
| 122|0x0000000711000000, 0x0000000711200000, 0x0000000711200000|100%| E|CS|TAMS 0x0000000711000000, 0x0000000711000000| Complete 
| 123|0x0000000711200000, 0x0000000711400000, 0x0000000711400000|100%| E|CS|TAMS 0x0000000711200000, 0x0000000711200000| Complete 
| 124|0x0000000711400000, 0x0000000711600000, 0x0000000711600000|100%| E|CS|TAMS 0x0000000711400000, 0x0000000711400000| Complete 
| 125|0x0000000711600000, 0x0000000711800000, 0x0000000711800000|100%| E|CS|TAMS 0x0000000711600000, 0x0000000711600000| Complete 
| 126|0x0000000711800000, 0x0000000711a00000, 0x0000000711a00000|100%| E|CS|TAMS 0x0000000711800000, 0x0000000711800000| Complete 
| 127|0x0000000711a00000, 0x0000000711c00000, 0x0000000711c00000|100%| E|CS|TAMS 0x0000000711a00000, 0x0000000711a00000| Complete 

Card table byte_map: [0x000002098f000000,0x000002098f800000] _byte_map_base: 0x000002098b7f2000

Marking Bits (Prev, Next): (CMBitMap*) 0x00000209f5af79d0, (CMBitMap*) 0x00000209f5af7a10
 Prev Bits: [0x0000020990000000, 0x0000020993f90000)
 Next Bits: [0x0000020993f90000, 0x0000020997f20000)

Polling page: 0x00000209f5b80000

Metaspace:

Usage:
  Non-class:      6.19 MB used.
      Class:    804.23 KB used.
       Both:      6.98 MB used.

Virtual space:
  Non-class space:        8.00 MB reserved,       6.25 MB ( 78%) committed,  1 nodes.
      Class space:        1.00 GB reserved,     896.00 KB ( <1%) committed,  1 nodes.
              Both:        1.01 GB reserved,       7.12 MB ( <1%) committed. 

Chunk freelists:
   Non-Class:  1.75 MB
       Class:  3.17 MB
        Both:  4.92 MB

MaxMetaspaceSize: 17179869184.00 GB
CompressedClassSpaceSize: 1.00 GB
 - commit_granule_bytes: 65536.
 - commit_granule_words: 8192.
 - virtual_space_node_default_size: 1048576.
 - enlarge_chunks_in_place: 1.
 - new_chunks_are_fully_committed: 0.
 - uncommit_free_chunks: 1.
 - use_allocation_guard: 0.
 - handle_deallocations: 1.


Internal statistics:

num_allocs_failed_limit: 0.
num_arena_births: 100.
num_arena_deaths: 0.
num_vsnodes_births: 2.
num_vsnodes_deaths: 0.
num_space_committed: 114.
num_space_uncommitted: 0.
num_chunks_returned_to_freelist: 0.
num_chunks_taken_from_freelist: 302.
num_chunk_merges: 0.
num_chunk_splits: 150.
num_chunks_enlarged: 84.
num_purges: 0.

CodeHeap 'non-profiled nmethods': size=120000Kb used=593Kb max_used=593Kb free=119406Kb
 bounds [0x0000020987ad0000, 0x0000020987d40000, 0x000002098f000000]
CodeHeap 'profiled nmethods': size=120000Kb used=3253Kb max_used=3253Kb free=116747Kb
 bounds [0x00000209805a0000, 0x00000209808d0000, 0x0000020987ad0000]
CodeHeap 'non-nmethods': size=5760Kb used=1237Kb max_used=1263Kb free=4522Kb
 bounds [0x0000020980000000, 0x0000020980270000, 0x00000209805a0000]
 total_blobs=2017 nmethods=1563 adapters=367
 compilation: enabled
              stopped_count=0, restarted_count=0
 full_count=0

Compilation events (20 events):
Event: 4.169 Thread 0x000002099b164540 nmethod 1557 0x00000209808c4490 code [0x00000209808c4800, 0x00000209808c5b48]
Event: 4.169 Thread 0x000002099b164540 1559       3       jdk.internal.org.objectweb.asm.MethodVisitor::visitInsn (16 bytes)
Event: 4.169 Thread 0x000002099b164540 nmethod 1559 0x00000209808c6210 code [0x00000209808c63c0, 0x00000209808c65e8]
Event: 4.169 Thread 0x000002099b164540 1558   !   3       java.lang.invoke.MethodHandles$Lookup::canBeCached (150 bytes)
Event: 4.171 Thread 0x000002099b164540 nmethod 1558 0x00000209808c6690 code [0x00000209808c6ae0, 0x00000209808c8f08]
Event: 4.176 Thread 0x000002099a74b910 nmethod 1547 0x0000020987b62e10 code [0x0000020987b62fc0, 0x0000020987b63968]
Event: 4.176 Thread 0x000002099a74b910 1553       4       sun.net.www.ParseUtil::firstEncodeIndex (86 bytes)
Event: 4.181 Thread 0x000002099a74b910 nmethod 1553 0x0000020987b63d10 code [0x0000020987b63ec0, 0x0000020987b64208]
Event: 252.653 Thread 0x000002099b164540 1560       3       org.eclipse.jdt.launching.internal.org.objectweb.asm.ClassVisitor::visit (50 bytes)
Event: 252.667 Thread 0x000002099b164540 

Event: 252.667 Thread 0x000002099b164540 1561       3       org.eclipse.jdt.launching.internal.org.objectweb.asm.ClassWriter::visit (160 bytes)
Event: 252.669 Thread 0x000002099b164540 nmethod 1561 0x00000209808c9a90 code [0x00000209808c9cc0, 0x00000209808ca558]
Event: 252.669 Thread 0x000002099b164540 1562       3       org.eclipse.jdt.launching.internal.org.objectweb.asm.SymbolTable::setMajorVersionAndClassName (19 bytes)
Event: 252.669 Thread 0x000002099b164540 nmethod 1562 0x00000209808caa10 code [0x00000209808cabc0, 0x00000209808cade8]
Event: 252.669 Thread 0x000002099b164540 1563       3       org.eclipse.jdt.launching.internal.weaving.ClassfileTransformer$1::visitSource (125 bytes)
Event: 252.670 Thread 0x000002099b164540 nmethod 1563 0x00000209808caf10 code [0x00000209808cb260, 0x00000209808cc118]
Event: 252.670 Thread 0x000002099b164540 1564       3       org.eclipse.jdt.launching.internal.org.objectweb.asm.ClassVisitor::visitSource (17 bytes)
Event: 252.670 Thread 0x000002099b164540 nmethod 1564 0x00000209808cc710 code [0x00000209808cc8c0, 0x00000209808ccae8]
Event: 252.670 Thread 0x000002099b164540 1565       3       org.eclipse.jdt.launching.internal.org.objectweb.asm.ClassWriter::visitSource (39 bytes)
Event: 252.671 Thread 0x000002099b164540 nmethod 1565 0x00000209808ccc10 code [0x00000209808ccde0, 0x00000209808cd298]

GC Heap History (2 events):
Event: 1.444 GC heap before
{Heap before GC invocations=0 (full 0):
 garbage-first heap   total 262144K, used 22528K [0x0000000701c00000, 0x0000000800000000)
  region size 2048K, 11 young (22528K), 0 survivors (0K)
 Metaspace       used 4385K, committed 4544K, reserved 1056768K
  class space    used 405K, committed 512K, reserved 1048576K
}
Event: 1.451 GC heap after
{Heap after GC invocations=1 (full 0):
 garbage-first heap   total 262144K, used 2686K [0x0000000701c00000, 0x0000000800000000)
  region size 2048K, 2 young (4096K), 2 survivors (4096K)
 Metaspace       used 4385K, committed 4544K, reserved 1056768K
  class space    used 405K, committed 512K, reserved 1048576K
}

Deoptimization events (20 events):
Event: 3.966 Thread 0x00000209f5aa6220 DEOPT PACKING pc=0x0000020980675158 sp=0x000000d6554fc5d0
Event: 3.966 Thread 0x00000209f5aa6220 DEOPT UNPACKING pc=0x000002098004dece sp=0x000000d6554fba60 mode 0
Event: 4.099 Thread 0x00000209f5aa6220 Uncommon trap: trap_request=0xffffffde fr.pc=0x0000020987b5f360 relative=0x0000000000000140
Event: 4.099 Thread 0x00000209f5aa6220 Uncommon trap: reason=class_check action=maybe_recompile pc=0x0000020987b5f360 method=jdk.internal.misc.Unsafe.allocateUninitializedArray(Ljava/lang/Class;I)Ljava/lang/Object; @ 51 c2
Event: 4.099 Thread 0x00000209f5aa6220 DEOPT PACKING pc=0x0000020987b5f360 sp=0x000000d6554fc570
Event: 4.099 Thread 0x00000209f5aa6220 DEOPT UNPACKING pc=0x000002098004d72e sp=0x000000d6554fc4f8 mode 2
Event: 4.099 Thread 0x00000209f5aa6220 Uncommon trap: trap_request=0xffffffde fr.pc=0x0000020987b5f360 relative=0x0000000000000140
Event: 4.099 Thread 0x00000209f5aa6220 Uncommon trap: reason=class_check action=maybe_recompile pc=0x0000020987b5f360 method=jdk.internal.misc.Unsafe.allocateUninitializedArray(Ljava/lang/Class;I)Ljava/lang/Object; @ 51 c2
Event: 4.099 Thread 0x00000209f5aa6220 DEOPT PACKING pc=0x0000020987b5f360 sp=0x000000d6554fc620
Event: 4.099 Thread 0x00000209f5aa6220 DEOPT UNPACKING pc=0x000002098004d72e sp=0x000000d6554fc5a8 mode 2
Event: 4.100 Thread 0x00000209f5aa6220 Uncommon trap: trap_request=0xffffffde fr.pc=0x0000020987b5f360 relative=0x0000000000000140
Event: 4.100 Thread 0x00000209f5aa6220 Uncommon trap: reason=class_check action=maybe_recompile pc=0x0000020987b5f360 method=jdk.internal.misc.Unsafe.allocateUninitializedArray(Ljava/lang/Class;I)Ljava/lang/Object; @ 51 c2
Event: 4.100 Thread 0x00000209f5aa6220 DEOPT PACKING pc=0x0000020987b5f360 sp=0x000000d6554fd190
Event: 4.100 Thread 0x00000209f5aa6220 DEOPT UNPACKING pc=0x000002098004d72e sp=0x000000d6554fd118 mode 2
Event: 4.100 Thread 0x00000209f5aa6220 Uncommon trap: trap_request=0xffffffde fr.pc=0x0000020987b5f360 relative=0x0000000000000140
Event: 4.100 Thread 0x00000209f5aa6220 Uncommon trap: reason=class_check action=maybe_recompile pc=0x0000020987b5f360 method=jdk.internal.misc.Unsafe.allocateUninitializedArray(Ljava/lang/Class;I)Ljava/lang/Object; @ 51 c2
Event: 4.100 Thread 0x00000209f5aa6220 DEOPT PACKING pc=0x0000020987b5f360 sp=0x000000d6554fcfa0
Event: 4.100 Thread 0x00000209f5aa6220 DEOPT UNPACKING pc=0x000002098004d72e sp=0x000000d6554fcf28 mode 2
Event: 4.164 Thread 0x00000209f5aa6220 DEOPT PACKING pc=0x000002098063767b sp=0x000000d6554fbd50
Event: 4.164 Thread 0x00000209f5aa6220 DEOPT UNPACKING pc=0x000002098004dece sp=0x000000d6554fb278 mode 0

Classes unloaded (0 events):
No events

Classes redefined (3 events):
Event: 199.056 Thread 0x000002099a730570 redefined class name=br.unicamp.ic.inf335.beans.ProdutoBeanTest, count=1
Event: 252.659 Thread 0x000002099a730570 redefined class name=br.unicamp.ic.inf335.beans.ProdutoBeanTest, count=2
Event: 277.179 Thread 0x000002099a730570 redefined class name=br.unicamp.ic.inf335.beans.ProdutoBeanTest, count=3

Internal exceptions (20 events):
Event: 3.049 Thread 0x00000209f5aa6220 Exception <a 'java/lang/NoSuchMethodError'{0x000000071157d720}: 'java.lang.Object java.lang.invoke.DirectMethodHandle$Holder.newInvokeSpecial(java.lang.Object, java.lang.Object, java.lang.Object, java.lang.Object, java.lang.Object, java.lang.Object)'> (0x000000071157d720) 
thrown [t:\workspace\open\src\hotspot\share\interpreter\linkResolver.cpp, line 790]
Event: 3.173 Thread 0x00000209f5aa6220 Exception <a 'java/lang/NoSuchMethodError'{0x0000000711223088}: 'void java.lang.invoke.DirectMethodHandle$Holder.invokeInterface(java.lang.Object, java.lang.Object, java.lang.Object, java.lang.Object, java.lang.Object)'> (0x0000000711223088) 
thrown [t:\workspace\open\src\hotspot\share\interpreter\linkResolver.cpp, line 790]
Event: 3.174 Thread 0x00000209f5aa6220 Exception <a 'java/lang/IncompatibleClassChangeError'{0x0000000711227200}: Found class java.lang.Object, but interface was expected> (0x0000000711227200) 
thrown [t:\workspace\open\src\hotspot\share\interpreter\linkResolver.cpp, line 857]
Event: 3.248 Thread 0x00000209f5aa6220 Exception <a 'java/lang/IncompatibleClassChangeError'{0x0000000711279d10}: Found class java.lang.Object, but interface was expected> (0x0000000711279d10) 
thrown [t:\workspace\open\src\hotspot\share\interpreter\linkResolver.cpp, line 857]
Event: 3.254 Thread 0x00000209f5aa6220 Exception <a 'java/lang/NoSuchMethodError'{0x00000007112a7eb8}: 'java.lang.Object java.lang.invoke.DirectMethodHandle$Holder.invokeStatic(java.lang.Object, java.lang.Object, int)'> (0x00000007112a7eb8) 
thrown [t:\workspace\open\src\hotspot\share\interpreter\linkResolver.cpp, line 790]
Event: 3.316 Thread 0x00000209f5aa6220 Exception <a 'java/lang/NoSuchMethodError'{0x0000000711325720}: 'void java.lang.invoke.DirectMethodHandle$Holder.invokeSpecial(java.lang.Object, java.lang.Object, java.lang.Object, java.lang.Object, java.lang.Object)'> (0x0000000711325720) 
thrown [t:\workspace\open\src\hotspot\share\interpreter\linkResolver.cpp, line 790]
Event: 3.841 Thread 0x00000209f5aa6220 Exception <a 'java/lang/NoSuchMethodError'{0x0000000710c460f0}: 'java.lang.Object java.lang.invoke.DirectMethodHandle$Holder.newInvokeSpecial(java.lang.Object, java.lang.Object, int)'> (0x0000000710c460f0) 
thrown [t:\workspace\open\src\hotspot\share\interpreter\linkResolver.cpp, line 790]
Event: 3.895 Thread 0x00000209f5aa6220 Exception <a 'java/lang/NoSuchMethodError'{0x0000000710cb91c8}: 'void java.lang.invoke.DirectMethodHandle$Holder.invokeInterface(java.lang.Object, java.lang.Object, java.lang.Object, java.lang.Object)'> (0x0000000710cb91c8) 
thrown [t:\workspace\open\src\hotspot\share\interpreter\linkResolver.cpp, line 790]
Event: 3.895 Thread 0x00000209f5aa6220 Exception <a 'java/lang/IncompatibleClassChangeError'{0x0000000710cbccf0}: Found class java.lang.Object, but interface was expected> (0x0000000710cbccf0) 
thrown [t:\workspace\open\src\hotspot\share\interpreter\linkResolver.cpp, line 857]
Event: 3.899 Thread 0x00000209f5aa6220 Exception <a 'java/lang/NoSuchMethodError'{0x0000000710ce2a78}: 'void java.lang.invoke.DirectMethodHandle$Holder.invokeStatic(java.lang.Object, java.lang.Object, java.lang.Object, java.lang.Object)'> (0x0000000710ce2a78) 
thrown [t:\workspace\open\src\hotspot\share\interpreter\linkResolver.cpp, line 790]
Event: 3.931 Thread 0x00000209f5aa6220 Exception <a 'java/lang/NoSuchMethodError'{0x0000000710dd58a8}: 'int java.lang.invoke.DirectMethodHandle$Holder.invokeStatic(java.lang.Object, java.lang.Object, java.lang.Object, java.lang.Object)'> (0x0000000710dd58a8) 
thrown [t:\workspace\open\src\hotspot\share\interpreter\linkResolver.cpp, line 790]
Event: 3.931 Thread 0x00000209f5aa6220 Exception <a 'java/lang/NoSuchMethodError'{0x0000000710dd9400}: 'java.lang.Object java.lang.invoke.Invokers$Holder.invokeExact_MT(java.lang.Object, java.lang.Object, java.lang.Object, java.lang.Object, java.lang.Object, java.lang.Object)'> (0x0000000710dd9400) 
thrown [t:\workspace\open\src\hotspot\share\interpreter\linkResolver.cpp, line 790]
Event: 3.934 Thread 0x00000209f5aa6220 Exception <a 'java/lang/NoSuchMethodError'{0x0000000710dea110}: 'int java.lang.invoke.DirectMethodHandle$Holder.invokeStatic(java.lang.Object, java.lang.Object, java.lang.Object, java.lang.Object, java.lang.Object)'> (0x0000000710dea110) 
thrown [t:\workspace\open\src\hotspot\share\interpreter\linkResolver.cpp, line 790]
Event: 3.962 Thread 0x00000209f5aa6220 Exception <a 'java/lang/NoSuchMethodError'{0x0000000710a81918}: 'void java.lang.invoke.DirectMethodHandle$Holder.invokeStaticInit(java.lang.Object)'> (0x0000000710a81918) 
thrown [t:\workspace\open\src\hotspot\share\interpreter\linkResolver.cpp, line 790]
Event: 4.077 Thread 0x00000209f5aa6220 Exception <a 'java/lang/NoSuchMethodError'{0x0000000710968518}: 'int java.lang.invoke.DirectMethodHandle$Holder.invokeStaticInit(java.lang.Object, java.lang.Object)'> (0x0000000710968518) 
thrown [t:\workspace\open\src\hotspot\share\interpreter\linkResolver.cpp, line 790]
Event: 4.117 Thread 0x00000209f5aa6220 Exception <a 'java/lang/NoSuchMethodError'{0x00000007106c1ae0}: 'java.lang.Object java.lang.invoke.DirectMethodHandle$Holder.newInvokeSpecial(java.lang.Object, java.lang.Object, java.lang.Object, java.lang.Object, java.lang.Object, java.lang.Object, java.lang.Object)'> (0x00000007106c1ae0) 
thrown [t:\workspace\open\src\hotspot\share\interpreter\linkResolver.cpp, line 790]
Event: 4.117 Thread 0x00000209f5aa6220 Exception <a 'java/lang/NoSuchMethodError'{0x00000007106c6898}: 'java.lang.Object java.lang.invoke.Invokers$Holder.linkToTargetMethod(java.lang.Object, java.lang.Object, java.lang.Object, java.lang.Object, java.lang.Object, java.lang.Object, java.lang.Object)'> (0x00000007106c6898) 
thrown [t:\workspace\open\src\hotspot\share\interpreter\linkResolver.cpp, line 790]
Event: 4.119 Thread 0x00000209f5aa6220 Exception <a 'java/lang/NoSuchMethodError'{0x00000007106cd060}: 'java.lang.Object java.lang.invoke.DirectMethodHandle$Holder.invokeInterface(java.lang.Object, java.lang.Object, java.lang.Object, java.lang.Object, java.lang.Object)'> (0x00000007106cd060) 
thrown [t:\workspace\open\src\hotspot\share\interpreter\linkResolver.cpp, line 790]
Event: 4.119 Thread 0x00000209f5aa6220 Exception <a 'java/lang/IncompatibleClassChangeError'{0x00000007106d1058}: Found class java.lang.Object, but interface was expected> (0x00000007106d1058) 
thrown [t:\workspace\open\src\hotspot\share\interpreter\linkResolver.cpp, line 857]
Event: 4.132 Thread 0x00000209f5aa6220 Exception <a 'java/lang/NoSuchMethodError'{0x000000071073bd98}: 'int java.lang.invoke.DirectMethodHandle$Holder.invokeInterface(java.lang.Object, java.lang.Object)'> (0x000000071073bd98) 
thrown [t:\workspace\open\src\hotspot\share\interpreter\linkResolver.cpp, line 790]

Events (20 events):
Event: 294.147 Executing  VM operation: get/set locals done
Event: 294.147 Executing  VM operation: get/set locals
Event: 294.147 Executing  VM operation: get/set locals done
Event: 294.148 Executing  VM operation: get/set locals
Event: 294.148 Executing  VM operation: get/set locals done
Event: 294.149 Executing  VM operation: get/set locals
Event: 294.149 Executing  VM operation: get/set locals done
Event: 294.150 Executing  VM operation: get/set locals
Event: 294.150 Executing  VM operation: get/set locals done
Event: 294.151 Executing  VM operation: get/set locals
Event: 294.151 Executing  VM operation: get/set locals done
Event: 294.152 Executing  VM operation: get/set locals
Event: 294.152 Executing  VM operation: get/set locals done
Event: 294.153 Executing  VM operation: get/set locals
Event: 294.153 Executing  VM operation: get/set locals done
Event: 294.154 Executing  VM operation: get/set locals
Event: 294.154 Executing  VM operation: get/set locals done
Event: 294.154 Executing  VM operation: get/set locals
Event: 294.155 Executing  VM operation: get/set locals done
Event: 331.158 Executing  VM operation: get/set locals


Dynamic libraries:
0x00007ff605a00000 - 0x00007ff605a10000 	C:\Program Files\Java\jdk-16.0.2\bin\javaw.exe
0x00007ffc94650000 - 0x00007ffc94845000 	C:\WINDOWS\SYSTEM32\ntdll.dll
0x00007ffc55030000 - 0x00007ffc55046000 	C:\Program Files\AVG\Antivirus\aswhook.dll
0x00007ffc93410000 - 0x00007ffc934ce000 	C:\WINDOWS\System32\KERNEL32.DLL
0x00007ffc92340000 - 0x00007ffc92608000 	C:\WINDOWS\System32\KERNELBASE.dll
0x00007ffc91f70000 - 0x00007ffc92070000 	C:\WINDOWS\System32\ucrtbase.dll
0x00007ffc8cb40000 - 0x00007ffc8cb58000 	C:\Program Files\Java\jdk-16.0.2\bin\jli.dll
0x00007ffc93120000 - 0x00007ffc931ce000 	C:\WINDOWS\System32\ADVAPI32.dll
0x00007ffc932b0000 - 0x00007ffc9334e000 	C:\WINDOWS\System32\msvcrt.dll
0x00007ffc94340000 - 0x00007ffc943dc000 	C:\WINDOWS\System32\sechost.dll
0x00007ffc93bc0000 - 0x00007ffc93ce5000 	C:\WINDOWS\System32\RPCRT4.dll
0x00007ffc8cb60000 - 0x00007ffc8cb79000 	C:\Program Files\Java\jdk-16.0.2\bin\VCRUNTIME140.dll
0x00007ffc94450000 - 0x00007ffc945f0000 	C:\WINDOWS\System32\USER32.dll
0x00007ffc92610000 - 0x00007ffc92632000 	C:\WINDOWS\System32\win32u.dll
0x00007ffc92f90000 - 0x00007ffc92fbb000 	C:\WINDOWS\System32\GDI32.dll
0x00007ffc92130000 - 0x00007ffc9223b000 	C:\WINDOWS\System32\gdi32full.dll
0x00007ffc91d70000 - 0x00007ffc91e0d000 	C:\WINDOWS\System32\msvcp_win.dll
0x00007ffc86bc0000 - 0x00007ffc86e5a000 	C:\WINDOWS\WinSxS\amd64_microsoft.windows.common-controls_6595b64144ccf1df_6.0.19041.1110_none_60b5254171f9507e\COMCTL32.dll
0x00007ffc8abd0000 - 0x00007ffc8abda000 	C:\WINDOWS\SYSTEM32\VERSION.dll
0x00007ffc93cf0000 - 0x00007ffc93d20000 	C:\WINDOWS\System32\IMM32.DLL
0x00007ffc8dcb0000 - 0x00007ffc8dcbc000 	C:\Program Files\Java\jdk-16.0.2\bin\vcruntime140_1.dll
0x00007ffc79160000 - 0x00007ffc791f1000 	C:\Program Files\Java\jdk-16.0.2\bin\msvcp140.dll
0x00007ffc11b20000 - 0x00007ffc126cb000 	C:\Program Files\Java\jdk-16.0.2\bin\server\jvm.dll
0x00007ffc94080000 - 0x00007ffc94088000 	C:\WINDOWS\System32\PSAPI.DLL
0x00007ffc87020000 - 0x00007ffc87047000 	C:\WINDOWS\SYSTEM32\WINMM.dll
0x00007ffc84940000 - 0x00007ffc84949000 	C:\WINDOWS\SYSTEM32\WSOCK32.dll
0x00007ffc943e0000 - 0x00007ffc9444b000 	C:\WINDOWS\System32\WS2_32.dll
0x00007ffc8fc80000 - 0x00007ffc8fc92000 	C:\WINDOWS\SYSTEM32\kernel.appcore.dll
0x00007ffc8c5d0000 - 0x00007ffc8c5da000 	C:\Program Files\Java\jdk-16.0.2\bin\jimage.dll
0x00007ffc88430000 - 0x00007ffc88614000 	C:\WINDOWS\SYSTEM32\DBGHELP.DLL
0x00007ffc88370000 - 0x00007ffc8839c000 	C:\WINDOWS\SYSTEM32\dbgcore.DLL
0x00007ffc920a0000 - 0x00007ffc92122000 	C:\WINDOWS\System32\bcryptPrimitives.dll
0x00007ffc83780000 - 0x00007ffc837bb000 	C:\Program Files\Java\jdk-16.0.2\bin\jdwp.dll
0x00007ffc8dc40000 - 0x00007ffc8dc4e000 	C:\Program Files\Java\jdk-16.0.2\bin\instrument.dll
0x00007ffc8bb30000 - 0x00007ffc8bb55000 	C:\Program Files\Java\jdk-16.0.2\bin\java.dll
0x00007ffc92840000 - 0x00007ffc92f84000 	C:\WINDOWS\System32\SHELL32.dll
0x00007ffc8fe80000 - 0x00007ffc90614000 	C:\WINDOWS\SYSTEM32\windows.storage.dll
0x00007ffc93d20000 - 0x00007ffc94074000 	C:\WINDOWS\System32\combase.dll
0x00007ffc917d0000 - 0x00007ffc917fc000 	C:\WINDOWS\SYSTEM32\Wldp.dll
0x00007ffc93360000 - 0x00007ffc9340d000 	C:\WINDOWS\System32\SHCORE.dll
0x00007ffc934d0000 - 0x00007ffc93525000 	C:\WINDOWS\System32\shlwapi.dll
0x00007ffc91cb0000 - 0x00007ffc91ccf000 	C:\WINDOWS\SYSTEM32\profapi.dll
0x00007ffc8cf40000 - 0x00007ffc8cf4c000 	C:\Program Files\Java\jdk-16.0.2\bin\dt_socket.dll
0x00007ffc911d0000 - 0x00007ffc9120b000 	C:\WINDOWS\SYSTEM32\IPHLPAPI.DLL
0x00007ffc91530000 - 0x00007ffc9159a000 	C:\WINDOWS\system32\mswsock.dll
0x00007ffc91210000 - 0x00007ffc912da000 	C:\WINDOWS\SYSTEM32\DNSAPI.dll
0x00007ffc93b50000 - 0x00007ffc93b58000 	C:\WINDOWS\System32\NSI.dll
0x00007ffc875c0000 - 0x00007ffc875ca000 	C:\Windows\System32\rasadhlp.dll
0x00007ffc84880000 - 0x00007ffc848ff000 	C:\WINDOWS\System32\fwpuclnt.dll
0x00007ffc92070000 - 0x00007ffc92097000 	C:\WINDOWS\System32\bcrypt.dll
0x00007ffc8b8e0000 - 0x00007ffc8b8f8000 	C:\Program Files\Java\jdk-16.0.2\bin\zip.dll
0x00007ffc8bb10000 - 0x00007ffc8bb29000 	C:\Program Files\Java\jdk-16.0.2\bin\net.dll
0x00007ffc88220000 - 0x00007ffc88329000 	C:\WINDOWS\SYSTEM32\WINHTTP.dll
0x00007ffc8b900000 - 0x00007ffc8b913000 	C:\Program Files\Java\jdk-16.0.2\bin\nio.dll
0x00007ffc8bde0000 - 0x00007ffc8bdf0000 	C:\Program Files\Java\jdk-16.0.2\bin\verify.dll
0x00007ffc8ae30000 - 0x00007ffc8ae47000 	C:\WINDOWS\SYSTEM32\dhcpcsvc6.DLL
0x00007ffc8ada0000 - 0x00007ffc8adbd000 	C:\WINDOWS\SYSTEM32\dhcpcsvc.DLL

dbghelp: loaded successfully - version: 4.0.5 - missing functions: none
symbol engine: initialized successfully - sym options: 0x614 - pdb path: .;C:\Program Files\Java\jdk-16.0.2\bin;C:\WINDOWS\SYSTEM32;C:\Program Files\AVG\Antivirus;C:\WINDOWS\WinSxS\amd64_microsoft.windows.common-controls_6595b64144ccf1df_6.0.19041.1110_none_60b5254171f9507e;C:\Program Files\Java\jdk-16.0.2\bin\server

VM Arguments:
jvm_args: -XX:+ShowCodeDetailsInExceptionMessages -agentlib:jdwp=transport=dt_socket,suspend=y,address=localhost:56020 -ea -javaagent:C:\Users\Pedro\eclipse\java-2022-03\eclipse\configuration\org.eclipse.osgi\225\0\.cp\lib\javaagent-shaded.jar -Dfile.encoding=Cp1252 
java_command: org.eclipse.jdt.internal.junit.runner.RemoteTestRunner -version 3 -port 56019 -testLoaderClass org.eclipse.jdt.internal.junit5.runner.JUnit5TestLoader -loaderpluginname org.eclipse.jdt.junit5.runtime -classNames br.unicamp.ic.inf335.beans.ProdutoBeanTest
java_class_path (initial): C:\Users\Pedro\OneDrive\Área de Trabalho\0_INSTITUCIONAL PEDRO\_ESTUDOS ATUAIS_2022\8_AMBIENTES PARA CONCEPÇÃO DE SOFTWARE\TAREFAS\TAREFA AULA 02 - TESTES UNITÁRIOS\CódigoFonteTrabalho2_Corrigido\bin;C:\Users\Pedro\.p2\pool\plugins\org.junit.jupiter.api_5.8.1.v20211018-1956.jar;C:\Users\Pedro\.p2\pool\plugins\org.junit.jupiter.engine_5.8.1.v20211018-1956.jar;C:\Users\Pedro\.p2\pool\plugins\org.junit.jupiter.migrationsupport_5.8.1.v20211018-1956.jar;C:\Users\Pedro\.p2\pool\plugins\org.junit.jupiter.params_5.8.1.v20211018-1956.jar;C:\Users\Pedro\.p2\pool\plugins\org.junit.platform.commons_1.8.1.v20211018-1956.jar;C:\Users\Pedro\.p2\pool\plugins\org.junit.platform.engine_1.8.1.v20211018-1956.jar;C:\Users\Pedro\.p2\pool\plugins\org.junit.platform.launcher_1.8.1.v20211018-1956.jar;C:\Users\Pedro\.p2\pool\plugins\org.junit.platform.runner_1.8.1.v20211018-1956.jar;C:\Users\Pedro\.p2\pool\plugins\org.junit.platform.suite.api_1.8.1.v20211018-1956.jar;C:\Users\Pedro\.p2\pool\plugins\org.junit.platform.suite.engine_1.8.1.v20211028-1957.jar;C:\Users\Pedro\.p2\pool\plugins\org.junit.platform.suite.commons_1.8.1.v20211018-1956.jar;C:\Users\Pedro\.p2\pool\plugins\org.junit.vintage.engine_5.8.1.v20211018-1956.jar;C:\Users\Pedro\.p2\pool\plugins\org.opentest4j_1.2.0.v20211018-1956.jar;C:\Users\Pedro\.p2\pool\plugins\org.apiguardian_1.1.2.v20211018-1956.jar;C:\Users\Pedro\.p2\pool\plugins\org.junit_4.13.2.v20211018-1956.jar;C:\Users\Pedro\.p2\pool\plugins\org.hamcrest.core_1.3.0.v20180420-1519.jar;C:\Users\Pedro\eclipse\java-2022-03\eclipse\configuration\org.eclipse.osgi\224\0\.cp;C:\Users\Pedro\eclipse\java-2022-03\eclipse\configuration\org.eclipse.osgi\222\0\.cp
Launcher Type: SUN_STANDARD

[Global flags]
     intx CICompilerCount                          = 4                                         {product} {ergonomic}
     uint ConcGCThreads                            = 2                                         {product} {ergonomic}
     uint G1ConcRefinementThreads                  = 8                                         {product} {ergonomic}
   size_t G1HeapRegionSize                         = 2097152                                   {product} {ergonomic}
    uintx GCDrainStackTargetSize                   = 64                                        {product} {ergonomic}
   size_t InitialHeapSize                          = 268435456                                 {product} {ergonomic}
   size_t MarkStackSize                            = 4194304                                   {product} {ergonomic}
   size_t MaxHeapSize                              = 4265607168                                {product} {ergonomic}
   size_t MaxNewSize                               = 2558525440                                {product} {ergonomic}
   size_t MinHeapDeltaBytes                        = 2097152                                   {product} {ergonomic}
   size_t MinHeapSize                              = 8388608                                   {product} {ergonomic}
    uintx NonNMethodCodeHeapSize                   = 5839372                                {pd product} {ergonomic}
    uintx NonProfiledCodeHeapSize                  = 122909434                              {pd product} {ergonomic}
    uintx ProfiledCodeHeapSize                     = 122909434                              {pd product} {ergonomic}
    uintx ReservedCodeCacheSize                    = 251658240                              {pd product} {ergonomic}
     bool SegmentedCodeCache                       = true                                      {product} {ergonomic}
     bool ShowCodeDetailsInExceptionMessages       = true                                   {manageable} {command line}
   size_t SoftMaxHeapSize                          = 4265607168                             {manageable} {ergonomic}
     bool UseCompressedClassPointers               = true                           {product lp64_product} {ergonomic}
     bool UseCompressedOops                        = true                           {product lp64_product} {ergonomic}
     bool UseG1GC                                  = true                                      {product} {ergonomic}
     bool UseLargePagesIndividualAllocation        = false                                  {pd product} {ergonomic}

Logging:
Log output configuration:
 #0: stdout all=warning uptime,level,tags
 #1: stderr all=off uptime,level,tags

Environment Variables:
PATH=C:\Program Files\Common Files\Oracle\Java\javapath;C:\Program Files (x86)\Common Files\Oracle\Java\javapath;C:\Program Files\Microsoft MPI\Bin\;C:\Program Files (x86)\Python38-32\Scripts\;C:\Program Files (x86)\Python38-32\;C:\Windows\system32;C:\Windows;C:\Windows\System32\Wbem;C:\Windows\System32\WindowsPowerShell\v1.0\;C:\Windows\System32\OpenSSH\;C:\Program Files\Microsoft SQL Server\120\Tools\Binn\;C:\Program Files\Common Files\Autodesk Shared\;C:\Program Files (x86)\NVIDIA Corporation\PhysX\Common;C:\Program Files\Autodesk\Autodesk RFA 2020\;C:\WINDOWS\system32;C:\WINDOWS;C:\WINDOWS\System32\Wbem;C:\WINDOWS\System32\WindowsPowerShell\v1.0\;C:\WINDOWS\System32\OpenSSH\;C:\ProgramData\chocolatey\bin;C:\Program Files\Microsoft SQL Server\Client SDK\ODBC\170\Tools\Binn\;C:\Program Files (x86)\Microsoft SQL Server\150\Tools\Binn\;C:\Program Files\Microsoft SQL Server\150\Tools\Binn\;C:\Program Files\Microsoft SQL Server\150\DTS\Binn\;C:\Program Files (x86)\Microsoft SQL Server\150\DTS\Binn\;C:\Program Files\Git\cmd;C:\Users\Pedro\AppData\Local\Programs\Python\Python310\Scripts\;C:\Users\Pedro\AppData\Local\Programs\Python\Python310\;C:\Program Files\MySQL\MySQL Shell 8.0\bin\;C:\Users\Pedro\AppData\Local\Microsoft\WindowsApps;C:\Program Files\JetBrains\PyCharm Community Edition 2020.2.2\bin;C:\gradle\gradle-7.0.2\bin;C:\maven\apache-maven-3.8.1\bin;C:\javafx-sdk-16\bin;C:\Program Files\Azure Data Studio\bin;C:\Users\Pedro\AppData\Local\Programs\Microsoft VS Code\bin;C:\Users\Pedro\AppData\Local\gitkraken\bin;C:\Users\Pedro\AppData\Local\GitHubDesktop\bin
USERNAME=Pedro
OS=Windows_NT
PROCESSOR_IDENTIFIER=Intel64 Family 6 Model 158 Stepping 9, GenuineIntel



---------------  S Y S T E M  ---------------

OS:
 Windows 10 , 64 bit Build 19041 (10.0.19041.1566)
OS uptime: 1 days 2:40 hours

CPU: total 8 (initial active 8) (4 cores per cpu, 2 threads per core) family 6 model 158 stepping 9 microcode 0xb4, cx8, cmov, fxsr, ht, mmx, 3dnowpref, sse, sse2, sse3, ssse3, sse4.1, sse4.2, popcnt, lzcnt, tsc, tscinvbit, avx, avx2, aes, erms, clmul, bmi1, bmi2, adx, fma, vzeroupper, clflush, clflushopt

Memory: 4k page, system-wide physical 16267M (371M free)
TotalPageFile size 45933M (AvailPageFile size 498M)
current process WorkingSet (physical memory assigned to process): 45M, peak: 81M
current process commit charge ("private bytes"): 357M, peak: 361M

vm_info: Java HotSpot(TM) 64-Bit Server VM (16.0.2+7-67) for windows-amd64 JRE (16.0.2+7-67), built on Jun  8 2021 23:24:19 by "mach5one" with MS VC++ 16.7 (VS2019)

END.
