#
# A fatal error has been detected by the Java Runtime Environment:
#
#  Internal Error (generateOopMap.cpp:2164), pid=10756, tid=15856
#  fatal error: Illegal class file encountered. Try running with -Xverify:all in method test
#
# JRE version: Java(TM) SE Runtime Environment (16.0.2+7) (build 16.0.2+7-67)
# Java VM: Java HotSpot(TM) 64-Bit Server VM (16.0.2+7-67, mixed mode, sharing, tiered, compressed oops, compressed class ptrs, g1 gc, windows-amd64)
# No core dump will be written. Minidumps are not enabled by default on client versions of Windows
#
# If you would like to submit a bug report, please visit:
#   https://bugreport.java.com/bugreport/crash.jsp
#

---------------  S U M M A R Y ------------

Command Line: -XX:+ShowCodeDetailsInExceptionMessages -agentlib:jdwp=transport=dt_socket,suspend=y,address=localhost:63399 -ea -javaagent:C:\Users\Pedro\eclipse\java-2022-03\eclipse\configuration\org.eclipse.osgi\225\0\.cp\lib\javaagent-shaded.jar -Dfile.encoding=Cp1252 org.eclipse.jdt.internal.junit.runner.RemoteTestRunner -version 3 -port 63398 -testLoaderClass org.eclipse.jdt.internal.junit5.runner.JUnit5TestLoader -loaderpluginname org.eclipse.jdt.junit5.runtime -classNames br.unicamp.ic.inf335.beans.ProdutoBeanTest

Host: Intel(R) Core(TM) i7-7700HQ CPU @ 2.80GHz, 8 cores, 15G,  Windows 10 , 64 bit Build 19041 (10.0.19041.1566)
Time: Mon Apr 11 20:16:21 2022 Hora oficial do Brasil elapsed time: 1320.059641 seconds (0d 0h 22m 0s)

---------------  T H R E A D  ---------------

Current thread (0x000002deff9cf1d0):  VMThread "VM Thread" [stack: 0x000000f1adc00000,0x000000f1add00000] [id=15856]

Stack: [0x000000f1adc00000,0x000000f1add00000]
Native frames: (J=compiled Java code, j=interpreted, Vv=VM code, C=native code)
V  [jvm.dll+0x6681ca]
V  [jvm.dll+0x7c9e69]
V  [jvm.dll+0x7cb61e]
V  [jvm.dll+0x7cbc27]
V  [jvm.dll+0x2429b3]
V  [jvm.dll+0x330cf9]
V  [jvm.dll+0x330852]
V  [jvm.dll+0x32e018]
V  [jvm.dll+0x32f72e]
V  [jvm.dll+0x32cdaf]
V  [jvm.dll+0x32c037]
V  [jvm.dll+0x656cce]
V  [jvm.dll+0x6569d3]
V  [jvm.dll+0x61c1e8]
V  [jvm.dll+0x7c18f5]
V  [jvm.dll+0x520446]
V  [jvm.dll+0x7d00ab]
V  [jvm.dll+0x7d0da4]
V  [jvm.dll+0x7d12a9]
V  [jvm.dll+0x7d1564]
V  [jvm.dll+0x7d1630]
V  [jvm.dll+0x7795aa]
V  [jvm.dll+0x667066]
C  [ucrtbase.dll+0x21bb2]
C  [KERNEL32.DLL+0x17034]
C  [ntdll.dll+0x52651]

VM_Operation (0x000000f1ae7ff250): get/set locals, mode: safepoint, requested by thread 0x000002de9f1c3490


---------------  P R O C E S S  ---------------

Threads class SMR info:
_java_thread_list=0x000002de9fe69a70, length=16, elements={
0x000002def93d5e80, 0x000002deff9d2590, 0x000002deff9d3bd0, 0x000002deff9e5d00,
0x000002deff9e7820, 0x000002deff9ea140, 0x000002deff9eaa50, 0x000002deff9eb740,
0x000002de9f033320, 0x000002de9f051020, 0x000002deff9b5860, 0x000002de9f1c3490,
0x000002de9f1ca460, 0x000002de9f1cecc0, 0x000002de9f3daa10, 0x000002de9f789a40
}

Java Threads: ( => current thread )
  0x000002def93d5e80 JavaThread "main" [_thread_blocked, id=14092, stack(0x000000f1ad600000,0x000000f1ad700000)]
  0x000002deff9d2590 JavaThread "Reference Handler" daemon [_thread_blocked, id=9500, stack(0x000000f1add00000,0x000000f1ade00000)]
  0x000002deff9d3bd0 JavaThread "Finalizer" daemon [_thread_blocked, id=17340, stack(0x000000f1ade00000,0x000000f1adf00000)]
  0x000002deff9e5d00 JavaThread "Signal Dispatcher" daemon [_thread_blocked, id=7424, stack(0x000000f1adf00000,0x000000f1ae000000)]
  0x000002deff9e7820 JavaThread "Attach Listener" daemon [_thread_blocked, id=3152, stack(0x000000f1ae000000,0x000000f1ae100000)]
  0x000002deff9ea140 JavaThread "Service Thread" daemon [_thread_blocked, id=13516, stack(0x000000f1ae100000,0x000000f1ae200000)]
  0x000002deff9eaa50 JavaThread "Monitor Deflation Thread" daemon [_thread_blocked, id=17576, stack(0x000000f1ae200000,0x000000f1ae300000)]
  0x000002deff9eb740 JavaThread "C2 CompilerThread0" daemon [_thread_blocked, id=17304, stack(0x000000f1ae300000,0x000000f1ae400000)]
  0x000002de9f033320 JavaThread "C1 CompilerThread0" daemon [_thread_blocked, id=19760, stack(0x000000f1ae400000,0x000000f1ae500000)]
  0x000002de9f051020 JavaThread "Sweeper thread" daemon [_thread_blocked, id=12980, stack(0x000000f1ae500000,0x000000f1ae600000)]
  0x000002deff9b5860 JavaThread "Common-Cleaner" daemon [_thread_blocked, id=7800, stack(0x000000f1ae600000,0x000000f1ae700000)]
  0x000002de9f1c3490 JavaThread "JDWP Transport Listener: dt_socket" daemon [_thread_blocked, id=14576, stack(0x000000f1ae700000,0x000000f1ae800000)]
  0x000002de9f1ca460 JavaThread "JDWP Event Helper Thread" daemon [_thread_blocked, id=21060, stack(0x000000f1ae800000,0x000000f1ae900000)]
  0x000002de9f1cecc0 JavaThread "JDWP Command Reader" daemon [_thread_in_native, id=9824, stack(0x000000f1ae900000,0x000000f1aea00000)]
  0x000002de9f3daa10 JavaThread "Notification Thread" daemon [_thread_blocked, id=7980, stack(0x000000f1aea00000,0x000000f1aeb00000)]
  0x000002de9f789a40 JavaThread "ReaderThread" [_thread_in_native, id=19124, stack(0x000000f1aed00000,0x000000f1aee00000)]

Other Threads:
=>0x000002deff9cf1d0 VMThread "VM Thread" [stack: 0x000000f1adc00000,0x000000f1add00000] [id=15856]
  0x000002de9f3ddb50 WatcherThread [stack: 0x000000f1aeb00000,0x000000f1aec00000] [id=1016]
  0x000002def9426020 GCTaskThread "GC Thread#0" [stack: 0x000000f1ad700000,0x000000f1ad800000] [id=16868]
  0x000002de9fca68c0 GCTaskThread "GC Thread#1" [stack: 0x000000f1aee00000,0x000000f1aef00000] [id=2972]
  0x000002de9fcc26d0 GCTaskThread "GC Thread#2" [stack: 0x000000f1aef00000,0x000000f1af000000] [id=6644]
  0x000002de9fcc29e0 GCTaskThread "GC Thread#3" [stack: 0x000000f1af000000,0x000000f1af100000] [id=19476]
  0x000002de9fcc2cf0 GCTaskThread "GC Thread#4" [stack: 0x000000f1af100000,0x000000f1af200000] [id=15124]
  0x000002de9fcc5010 GCTaskThread "GC Thread#5" [stack: 0x000000f1af200000,0x000000f1af300000] [id=5244]
  0x000002de9fceace0 GCTaskThread "GC Thread#6" [stack: 0x000000f1af300000,0x000000f1af400000] [id=13572]
  0x000002de9fcebe20 GCTaskThread "GC Thread#7" [stack: 0x000000f1af400000,0x000000f1af500000] [id=16960]
  0x000002def9438dd0 ConcurrentGCThread "G1 Main Marker" [stack: 0x000000f1ad800000,0x000000f1ad900000] [id=15052]
  0x000002def9439750 ConcurrentGCThread "G1 Conc#0" [stack: 0x000000f1ad900000,0x000000f1ada00000] [id=5636]
  0x000002def94addc0 ConcurrentGCThread "G1 Refine#0" [stack: 0x000000f1ada00000,0x000000f1adb00000] [id=10564]
  0x000002deff884d40 ConcurrentGCThread "G1 Service" [stack: 0x000000f1adb00000,0x000000f1adc00000] [id=20228]

Threads with active compile tasks:

VM state: at safepoint (normal execution)

VM Mutex/Monitor currently owned by a thread:  ([mutex/lock_event])
[0x000002def93d2630] Threads_lock - owner thread: 0x000002deff9cf1d0

Heap address: 0x0000000701c00000, size: 4068 MB, Compressed Oops mode: Zero based, Oop shift amount: 3

CDS archive(s) mapped at: [0x0000000800000000-0x0000000800bb0000-0x0000000800bb0000), size 12255232, SharedBaseAddress: 0x0000000800000000, ArchiveRelocationMode: 0.
Compressed class space mapped at: 0x0000000800c00000-0x0000000840c00000, reserved size: 1073741824
Narrow klass base: 0x0000000800000000, Narrow klass shift: 3, Narrow klass range: 0x100000000

GC Precious Log:
 CPUs: 8 total, 8 available
 Memory: 16267M
 Large Page Support: Disabled
 NUMA Support: Disabled
 Compressed Oops: Enabled (Zero based)
 Heap Region Size: 2M
 Heap Min Capacity: 8M
 Heap Initial Capacity: 256M
 Heap Max Capacity: 4068M
 Pre-touch: Disabled
 Parallel Workers: 8
 Concurrent Workers: 2
 Concurrent Refinement Workers: 8
 Periodic GC: Disabled

Heap:
 garbage-first heap   total 262144K, used 23179K [0x0000000701c00000, 0x0000000800000000)
  region size 2048K, 14 young (28672K), 2 survivors (4096K)
 Metaspace       used 7138K, committed 7296K, reserved 1056768K
  class space    used 804K, committed 896K, reserved 1048576K

Heap Regions: E=young(eden), S=young(survivor), O=old, HS=humongous(starts), HC=humongous(continues), CS=collection set, F=free, OA=open archive, CA=closed archive, TAMS=top-at-mark-start (previous, next)
|   0|0x0000000701c00000, 0x0000000701c00000, 0x0000000701e00000|  0%| F|  |TAMS 0x0000000701c00000, 0x0000000701c00000| Untracked 
|   1|0x0000000701e00000, 0x0000000701e00000, 0x0000000702000000|  0%| F|  |TAMS 0x0000000701e00000, 0x0000000701e00000| Untracked 
|   2|0x0000000702000000, 0x0000000702000000, 0x0000000702200000|  0%| F|  |TAMS 0x0000000702000000, 0x0000000702000000| Untracked 
|   3|0x0000000702200000, 0x0000000702200000, 0x0000000702400000|  0%| F|  |TAMS 0x0000000702200000, 0x0000000702200000| Untracked 
|   4|0x0000000702400000, 0x0000000702400000, 0x0000000702600000|  0%| F|  |TAMS 0x0000000702400000, 0x0000000702400000| Untracked 
|   5|0x0000000702600000, 0x0000000702600000, 0x0000000702800000|  0%| F|  |TAMS 0x0000000702600000, 0x0000000702600000| Untracked 
|   6|0x0000000702800000, 0x0000000702800000, 0x0000000702a00000|  0%| F|  |TAMS 0x0000000702800000, 0x0000000702800000| Untracked 
|   7|0x0000000702a00000, 0x0000000702a00000, 0x0000000702c00000|  0%| F|  |TAMS 0x0000000702a00000, 0x0000000702a00000| Untracked 
|   8|0x0000000702c00000, 0x0000000702c00000, 0x0000000702e00000|  0%| F|  |TAMS 0x0000000702c00000, 0x0000000702c00000| Untracked 
|   9|0x0000000702e00000, 0x0000000702e00000, 0x0000000703000000|  0%| F|  |TAMS 0x0000000702e00000, 0x0000000702e00000| Untracked 
|  10|0x0000000703000000, 0x0000000703000000, 0x0000000703200000|  0%| F|  |TAMS 0x0000000703000000, 0x0000000703000000| Untracked 
|  11|0x0000000703200000, 0x0000000703200000, 0x0000000703400000|  0%| F|  |TAMS 0x0000000703200000, 0x0000000703200000| Untracked 
|  12|0x0000000703400000, 0x0000000703400000, 0x0000000703600000|  0%| F|  |TAMS 0x0000000703400000, 0x0000000703400000| Untracked 
|  13|0x0000000703600000, 0x0000000703600000, 0x0000000703800000|  0%| F|  |TAMS 0x0000000703600000, 0x0000000703600000| Untracked 
|  14|0x0000000703800000, 0x0000000703800000, 0x0000000703a00000|  0%| F|  |TAMS 0x0000000703800000, 0x0000000703800000| Untracked 
|  15|0x0000000703a00000, 0x0000000703a00000, 0x0000000703c00000|  0%| F|  |TAMS 0x0000000703a00000, 0x0000000703a00000| Untracked 
|  16|0x0000000703c00000, 0x0000000703c00000, 0x0000000703e00000|  0%| F|  |TAMS 0x0000000703c00000, 0x0000000703c00000| Untracked 
|  17|0x0000000703e00000, 0x0000000703e00000, 0x0000000704000000|  0%| F|  |TAMS 0x0000000703e00000, 0x0000000703e00000| Untracked 
|  18|0x0000000704000000, 0x0000000704000000, 0x0000000704200000|  0%| F|  |TAMS 0x0000000704000000, 0x0000000704000000| Untracked 
|  19|0x0000000704200000, 0x0000000704200000, 0x0000000704400000|  0%| F|  |TAMS 0x0000000704200000, 0x0000000704200000| Untracked 
|  20|0x0000000704400000, 0x0000000704400000, 0x0000000704600000|  0%| F|  |TAMS 0x0000000704400000, 0x0000000704400000| Untracked 
|  21|0x0000000704600000, 0x0000000704600000, 0x0000000704800000|  0%| F|  |TAMS 0x0000000704600000, 0x0000000704600000| Untracked 
|  22|0x0000000704800000, 0x0000000704800000, 0x0000000704a00000|  0%| F|  |TAMS 0x0000000704800000, 0x0000000704800000| Untracked 
|  23|0x0000000704a00000, 0x0000000704a00000, 0x0000000704c00000|  0%| F|  |TAMS 0x0000000704a00000, 0x0000000704a00000| Untracked 
|  24|0x0000000704c00000, 0x0000000704c00000, 0x0000000704e00000|  0%| F|  |TAMS 0x0000000704c00000, 0x0000000704c00000| Untracked 
|  25|0x0000000704e00000, 0x0000000704e00000, 0x0000000705000000|  0%| F|  |TAMS 0x0000000704e00000, 0x0000000704e00000| Untracked 
|  26|0x0000000705000000, 0x0000000705000000, 0x0000000705200000|  0%| F|  |TAMS 0x0000000705000000, 0x0000000705000000| Untracked 
|  27|0x0000000705200000, 0x0000000705200000, 0x0000000705400000|  0%| F|  |TAMS 0x0000000705200000, 0x0000000705200000| Untracked 
|  28|0x0000000705400000, 0x0000000705400000, 0x0000000705600000|  0%| F|  |TAMS 0x0000000705400000, 0x0000000705400000| Untracked 
|  29|0x0000000705600000, 0x0000000705600000, 0x0000000705800000|  0%| F|  |TAMS 0x0000000705600000, 0x0000000705600000| Untracked 
|  30|0x0000000705800000, 0x0000000705800000, 0x0000000705a00000|  0%| F|  |TAMS 0x0000000705800000, 0x0000000705800000| Untracked 
|  31|0x0000000705a00000, 0x0000000705a00000, 0x0000000705c00000|  0%| F|  |TAMS 0x0000000705a00000, 0x0000000705a00000| Untracked 
|  32|0x0000000705c00000, 0x0000000705c00000, 0x0000000705e00000|  0%| F|  |TAMS 0x0000000705c00000, 0x0000000705c00000| Untracked 
|  33|0x0000000705e00000, 0x0000000705e00000, 0x0000000706000000|  0%| F|  |TAMS 0x0000000705e00000, 0x0000000705e00000| Untracked 
|  34|0x0000000706000000, 0x0000000706000000, 0x0000000706200000|  0%| F|  |TAMS 0x0000000706000000, 0x0000000706000000| Untracked 
|  35|0x0000000706200000, 0x0000000706200000, 0x0000000706400000|  0%| F|  |TAMS 0x0000000706200000, 0x0000000706200000| Untracked 
|  36|0x0000000706400000, 0x0000000706400000, 0x0000000706600000|  0%| F|  |TAMS 0x0000000706400000, 0x0000000706400000| Untracked 
|  37|0x0000000706600000, 0x0000000706600000, 0x0000000706800000|  0%| F|  |TAMS 0x0000000706600000, 0x0000000706600000| Untracked 
|  38|0x0000000706800000, 0x0000000706800000, 0x0000000706a00000|  0%| F|  |TAMS 0x0000000706800000, 0x0000000706800000| Untracked 
|  39|0x0000000706a00000, 0x0000000706a00000, 0x0000000706c00000|  0%| F|  |TAMS 0x0000000706a00000, 0x0000000706a00000| Untracked 
|  40|0x0000000706c00000, 0x0000000706c00000, 0x0000000706e00000|  0%| F|  |TAMS 0x0000000706c00000, 0x0000000706c00000| Untracked 
|  41|0x0000000706e00000, 0x0000000706e00000, 0x0000000707000000|  0%| F|  |TAMS 0x0000000706e00000, 0x0000000706e00000| Untracked 
|  42|0x0000000707000000, 0x0000000707000000, 0x0000000707200000|  0%| F|  |TAMS 0x0000000707000000, 0x0000000707000000| Untracked 
|  43|0x0000000707200000, 0x0000000707200000, 0x0000000707400000|  0%| F|  |TAMS 0x0000000707200000, 0x0000000707200000| Untracked 
|  44|0x0000000707400000, 0x0000000707400000, 0x0000000707600000|  0%| F|  |TAMS 0x0000000707400000, 0x0000000707400000| Untracked 
|  45|0x0000000707600000, 0x0000000707600000, 0x0000000707800000|  0%| F|  |TAMS 0x0000000707600000, 0x0000000707600000| Untracked 
|  46|0x0000000707800000, 0x0000000707800000, 0x0000000707a00000|  0%| F|  |TAMS 0x0000000707800000, 0x0000000707800000| Untracked 
|  47|0x0000000707a00000, 0x0000000707a00000, 0x0000000707c00000|  0%| F|  |TAMS 0x0000000707a00000, 0x0000000707a00000| Untracked 
|  48|0x0000000707c00000, 0x0000000707c00000, 0x0000000707e00000|  0%| F|  |TAMS 0x0000000707c00000, 0x0000000707c00000| Untracked 
|  49|0x0000000707e00000, 0x0000000707e00000, 0x0000000708000000|  0%| F|  |TAMS 0x0000000707e00000, 0x0000000707e00000| Untracked 
|  50|0x0000000708000000, 0x0000000708000000, 0x0000000708200000|  0%| F|  |TAMS 0x0000000708000000, 0x0000000708000000| Untracked 
|  51|0x0000000708200000, 0x0000000708200000, 0x0000000708400000|  0%| F|  |TAMS 0x0000000708200000, 0x0000000708200000| Untracked 
|  52|0x0000000708400000, 0x0000000708400000, 0x0000000708600000|  0%| F|  |TAMS 0x0000000708400000, 0x0000000708400000| Untracked 
|  53|0x0000000708600000, 0x0000000708600000, 0x0000000708800000|  0%| F|  |TAMS 0x0000000708600000, 0x0000000708600000| Untracked 
|  54|0x0000000708800000, 0x0000000708800000, 0x0000000708a00000|  0%| F|  |TAMS 0x0000000708800000, 0x0000000708800000| Untracked 
|  55|0x0000000708a00000, 0x0000000708a00000, 0x0000000708c00000|  0%| F|  |TAMS 0x0000000708a00000, 0x0000000708a00000| Untracked 
|  56|0x0000000708c00000, 0x0000000708c00000, 0x0000000708e00000|  0%| F|  |TAMS 0x0000000708c00000, 0x0000000708c00000| Untracked 
|  57|0x0000000708e00000, 0x0000000708e00000, 0x0000000709000000|  0%| F|  |TAMS 0x0000000708e00000, 0x0000000708e00000| Untracked 
|  58|0x0000000709000000, 0x0000000709000000, 0x0000000709200000|  0%| F|  |TAMS 0x0000000709000000, 0x0000000709000000| Untracked 
|  59|0x0000000709200000, 0x0000000709200000, 0x0000000709400000|  0%| F|  |TAMS 0x0000000709200000, 0x0000000709200000| Untracked 
|  60|0x0000000709400000, 0x0000000709400000, 0x0000000709600000|  0%| F|  |TAMS 0x0000000709400000, 0x0000000709400000| Untracked 
|  61|0x0000000709600000, 0x0000000709600000, 0x0000000709800000|  0%| F|  |TAMS 0x0000000709600000, 0x0000000709600000| Untracked 
|  62|0x0000000709800000, 0x0000000709800000, 0x0000000709a00000|  0%| F|  |TAMS 0x0000000709800000, 0x0000000709800000| Untracked 
|  63|0x0000000709a00000, 0x0000000709a00000, 0x0000000709c00000|  0%| F|  |TAMS 0x0000000709a00000, 0x0000000709a00000| Untracked 
|  64|0x0000000709c00000, 0x0000000709c00000, 0x0000000709e00000|  0%| F|  |TAMS 0x0000000709c00000, 0x0000000709c00000| Untracked 
|  65|0x0000000709e00000, 0x0000000709e00000, 0x000000070a000000|  0%| F|  |TAMS 0x0000000709e00000, 0x0000000709e00000| Untracked 
|  66|0x000000070a000000, 0x000000070a000000, 0x000000070a200000|  0%| F|  |TAMS 0x000000070a000000, 0x000000070a000000| Untracked 
|  67|0x000000070a200000, 0x000000070a200000, 0x000000070a400000|  0%| F|  |TAMS 0x000000070a200000, 0x000000070a200000| Untracked 
|  68|0x000000070a400000, 0x000000070a400000, 0x000000070a600000|  0%| F|  |TAMS 0x000000070a400000, 0x000000070a400000| Untracked 
|  69|0x000000070a600000, 0x000000070a600000, 0x000000070a800000|  0%| F|  |TAMS 0x000000070a600000, 0x000000070a600000| Untracked 
|  70|0x000000070a800000, 0x000000070a800000, 0x000000070aa00000|  0%| F|  |TAMS 0x000000070a800000, 0x000000070a800000| Untracked 
|  71|0x000000070aa00000, 0x000000070aa00000, 0x000000070ac00000|  0%| F|  |TAMS 0x000000070aa00000, 0x000000070aa00000| Untracked 
|  72|0x000000070ac00000, 0x000000070ac00000, 0x000000070ae00000|  0%| F|  |TAMS 0x000000070ac00000, 0x000000070ac00000| Untracked 
|  73|0x000000070ae00000, 0x000000070ae00000, 0x000000070b000000|  0%| F|  |TAMS 0x000000070ae00000, 0x000000070ae00000| Untracked 
|  74|0x000000070b000000, 0x000000070b000000, 0x000000070b200000|  0%| F|  |TAMS 0x000000070b000000, 0x000000070b000000| Untracked 
|  75|0x000000070b200000, 0x000000070b200000, 0x000000070b400000|  0%| F|  |TAMS 0x000000070b200000, 0x000000070b200000| Untracked 
|  76|0x000000070b400000, 0x000000070b400000, 0x000000070b600000|  0%| F|  |TAMS 0x000000070b400000, 0x000000070b400000| Untracked 
|  77|0x000000070b600000, 0x000000070b600000, 0x000000070b800000|  0%| F|  |TAMS 0x000000070b600000, 0x000000070b600000| Untracked 
|  78|0x000000070b800000, 0x000000070b800000, 0x000000070ba00000|  0%| F|  |TAMS 0x000000070b800000, 0x000000070b800000| Untracked 
|  79|0x000000070ba00000, 0x000000070ba00000, 0x000000070bc00000|  0%| F|  |TAMS 0x000000070ba00000, 0x000000070ba00000| Untracked 
|  80|0x000000070bc00000, 0x000000070bc00000, 0x000000070be00000|  0%| F|  |TAMS 0x000000070bc00000, 0x000000070bc00000| Untracked 
|  81|0x000000070be00000, 0x000000070be00000, 0x000000070c000000|  0%| F|  |TAMS 0x000000070be00000, 0x000000070be00000| Untracked 
|  82|0x000000070c000000, 0x000000070c000000, 0x000000070c200000|  0%| F|  |TAMS 0x000000070c000000, 0x000000070c000000| Untracked 
|  83|0x000000070c200000, 0x000000070c200000, 0x000000070c400000|  0%| F|  |TAMS 0x000000070c200000, 0x000000070c200000| Untracked 
|  84|0x000000070c400000, 0x000000070c400000, 0x000000070c600000|  0%| F|  |TAMS 0x000000070c400000, 0x000000070c400000| Untracked 
|  85|0x000000070c600000, 0x000000070c600000, 0x000000070c800000|  0%| F|  |TAMS 0x000000070c600000, 0x000000070c600000| Untracked 
|  86|0x000000070c800000, 0x000000070c800000, 0x000000070ca00000|  0%| F|  |TAMS 0x000000070c800000, 0x000000070c800000| Untracked 
|  87|0x000000070ca00000, 0x000000070ca00000, 0x000000070cc00000|  0%| F|  |TAMS 0x000000070ca00000, 0x000000070ca00000| Untracked 
|  88|0x000000070cc00000, 0x000000070cc00000, 0x000000070ce00000|  0%| F|  |TAMS 0x000000070cc00000, 0x000000070cc00000| Untracked 
|  89|0x000000070ce00000, 0x000000070ce00000, 0x000000070d000000|  0%| F|  |TAMS 0x000000070ce00000, 0x000000070ce00000| Untracked 
|  90|0x000000070d000000, 0x000000070d000000, 0x000000070d200000|  0%| F|  |TAMS 0x000000070d000000, 0x000000070d000000| Untracked 
|  91|0x000000070d200000, 0x000000070d200000, 0x000000070d400000|  0%| F|  |TAMS 0x000000070d200000, 0x000000070d200000| Untracked 
|  92|0x000000070d400000, 0x000000070d400000, 0x000000070d600000|  0%| F|  |TAMS 0x000000070d400000, 0x000000070d400000| Untracked 
|  93|0x000000070d600000, 0x000000070d600000, 0x000000070d800000|  0%| F|  |TAMS 0x000000070d600000, 0x000000070d600000| Untracked 
|  94|0x000000070d800000, 0x000000070d800000, 0x000000070da00000|  0%| F|  |TAMS 0x000000070d800000, 0x000000070d800000| Untracked 
|  95|0x000000070da00000, 0x000000070da00000, 0x000000070dc00000|  0%| F|  |TAMS 0x000000070da00000, 0x000000070da00000| Untracked 
|  96|0x000000070dc00000, 0x000000070dc00000, 0x000000070de00000|  0%| F|  |TAMS 0x000000070dc00000, 0x000000070dc00000| Untracked 
|  97|0x000000070de00000, 0x000000070de00000, 0x000000070e000000|  0%| F|  |TAMS 0x000000070de00000, 0x000000070de00000| Untracked 
|  98|0x000000070e000000, 0x000000070e000000, 0x000000070e200000|  0%| F|  |TAMS 0x000000070e000000, 0x000000070e000000| Untracked 
|  99|0x000000070e200000, 0x000000070e200000, 0x000000070e400000|  0%| F|  |TAMS 0x000000070e200000, 0x000000070e200000| Untracked 
| 100|0x000000070e400000, 0x000000070e400000, 0x000000070e600000|  0%| F|  |TAMS 0x000000070e400000, 0x000000070e400000| Untracked 
| 101|0x000000070e600000, 0x000000070e600000, 0x000000070e800000|  0%| F|  |TAMS 0x000000070e600000, 0x000000070e600000| Untracked 
| 102|0x000000070e800000, 0x000000070e800000, 0x000000070ea00000|  0%| F|  |TAMS 0x000000070e800000, 0x000000070e800000| Untracked 
| 103|0x000000070ea00000, 0x000000070ea00000, 0x000000070ec00000|  0%| F|  |TAMS 0x000000070ea00000, 0x000000070ea00000| Untracked 
| 104|0x000000070ec00000, 0x000000070ec00000, 0x000000070ee00000|  0%| F|  |TAMS 0x000000070ec00000, 0x000000070ec00000| Untracked 
| 105|0x000000070ee00000, 0x000000070ee00000, 0x000000070f000000|  0%| F|  |TAMS 0x000000070ee00000, 0x000000070ee00000| Untracked 
| 106|0x000000070f000000, 0x000000070f000000, 0x000000070f200000|  0%| F|  |TAMS 0x000000070f000000, 0x000000070f000000| Untracked 
| 107|0x000000070f200000, 0x000000070f200000, 0x000000070f400000|  0%| F|  |TAMS 0x000000070f200000, 0x000000070f200000| Untracked 
| 108|0x000000070f400000, 0x000000070f400000, 0x000000070f600000|  0%| F|  |TAMS 0x000000070f400000, 0x000000070f400000| Untracked 
| 109|0x000000070f600000, 0x000000070f600000, 0x000000070f800000|  0%| F|  |TAMS 0x000000070f600000, 0x000000070f600000| Untracked 
| 110|0x000000070f800000, 0x000000070f800000, 0x000000070fa00000|  0%| F|  |TAMS 0x000000070f800000, 0x000000070f800000| Untracked 
| 111|0x000000070fa00000, 0x000000070fa00000, 0x000000070fc00000|  0%| F|  |TAMS 0x000000070fa00000, 0x000000070fa00000| Untracked 
| 112|0x000000070fc00000, 0x000000070fc00000, 0x000000070fe00000|  0%| F|  |TAMS 0x000000070fc00000, 0x000000070fc00000| Untracked 
| 113|0x000000070fe00000, 0x000000070fe00000, 0x0000000710000000|  0%| F|  |TAMS 0x000000070fe00000, 0x000000070fe00000| Untracked 
| 114|0x0000000710000000, 0x0000000710058000, 0x0000000710200000| 17%| E|  |TAMS 0x0000000710000000, 0x0000000710000000| Complete 
| 115|0x0000000710200000, 0x00000007102a2fc8, 0x0000000710400000| 31%| S|CS|TAMS 0x0000000710200000, 0x0000000710200000| Complete 
| 116|0x0000000710400000, 0x0000000710600000, 0x0000000710600000|100%| S|CS|TAMS 0x0000000710400000, 0x0000000710400000| Complete 
| 117|0x0000000710600000, 0x0000000710800000, 0x0000000710800000|100%| E|CS|TAMS 0x0000000710600000, 0x0000000710600000| Complete 
| 118|0x0000000710800000, 0x0000000710a00000, 0x0000000710a00000|100%| E|CS|TAMS 0x0000000710800000, 0x0000000710800000| Complete 
| 119|0x0000000710a00000, 0x0000000710c00000, 0x0000000710c00000|100%| E|CS|TAMS 0x0000000710a00000, 0x0000000710a00000| Complete 
| 120|0x0000000710c00000, 0x0000000710e00000, 0x0000000710e00000|100%| E|CS|TAMS 0x0000000710c00000, 0x0000000710c00000| Complete 
| 121|0x0000000710e00000, 0x0000000711000000, 0x0000000711000000|100%| E|CS|TAMS 0x0000000710e00000, 0x0000000710e00000| Complete 
| 122|0x0000000711000000, 0x0000000711200000, 0x0000000711200000|100%| E|CS|TAMS 0x0000000711000000, 0x0000000711000000| Complete 
| 123|0x0000000711200000, 0x0000000711400000, 0x0000000711400000|100%| E|CS|TAMS 0x0000000711200000, 0x0000000711200000| Complete 
| 124|0x0000000711400000, 0x0000000711600000, 0x0000000711600000|100%| E|CS|TAMS 0x0000000711400000, 0x0000000711400000| Complete 
| 125|0x0000000711600000, 0x0000000711800000, 0x0000000711800000|100%| E|CS|TAMS 0x0000000711600000, 0x0000000711600000| Complete 
| 126|0x0000000711800000, 0x0000000711a00000, 0x0000000711a00000|100%| E|CS|TAMS 0x0000000711800000, 0x0000000711800000| Complete 
| 127|0x0000000711a00000, 0x0000000711c00000, 0x0000000711c00000|100%| E|  |TAMS 0x0000000711a00000, 0x0000000711a00000| Complete 

Card table byte_map: [0x000002defbf10000,0x000002defc710000] _byte_map_base: 0x000002def8702000

Marking Bits (Prev, Next): (CMBitMap*) 0x000002def94275b0, (CMBitMap*) 0x000002def94275f0
 Prev Bits: [0x000002de966a0000, 0x000002de9a630000)
 Next Bits: [0x000002de9a630000, 0x000002de9e5c0000)

Polling page: 0x000002def94b0000

Metaspace:

Usage:
  Non-class:      6.19 MB used.
      Class:    804.23 KB used.
       Both:      6.97 MB used.

Virtual space:
  Non-class space:        8.00 MB reserved,       6.25 MB ( 78%) committed,  1 nodes.
      Class space:        1.00 GB reserved,     896.00 KB ( <1%) committed,  1 nodes.
              Both:        1.01 GB reserved,       7.12 MB ( <1%) committed. 

Chunk freelists:
   Non-Class:  1.75 MB
       Class:  3.17 MB
        Both:  4.92 MB

MaxMetaspaceSize: 17179869184.00 GB
CompressedClassSpaceSize: 1.00 GB
 - commit_granule_bytes: 65536.
 - commit_granule_words: 8192.
 - virtual_space_node_default_size: 1048576.
 - enlarge_chunks_in_place: 1.
 - new_chunks_are_fully_committed: 0.
 - uncommit_free_chunks: 1.
 - use_allocation_guard: 0.
 - handle_deallocations: 1.


Internal statistics:

num_allocs_failed_limit: 0.
num_arena_births: 100.
num_arena_deaths: 0.
num_vsnodes_births: 2.
num_vsnodes_deaths: 0.
num_space_committed: 114.
num_space_uncommitted: 0.
num_chunks_returned_to_freelist: 0.
num_chunks_taken_from_freelist: 312.
num_chunk_merges: 0.
num_chunk_splits: 150.
num_chunks_enlarged: 81.
num_purges: 0.

CodeHeap 'non-profiled nmethods': size=120000Kb used=590Kb max_used=590Kb free=119409Kb
 bounds [0x000002de8f170000, 0x000002de8f3e0000, 0x000002de966a0000]
CodeHeap 'profiled nmethods': size=120000Kb used=3229Kb max_used=3229Kb free=116771Kb
 bounds [0x000002de87c40000, 0x000002de87f70000, 0x000002de8f170000]
CodeHeap 'non-nmethods': size=5760Kb used=1237Kb max_used=1262Kb free=4522Kb
 bounds [0x000002de876a0000, 0x000002de87910000, 0x000002de87c40000]
 total_blobs=2013 nmethods=1559 adapters=367
 compilation: enabled
              stopped_count=0, restarted_count=0
 full_count=0

Compilation events (20 events):
Event: 2.963 Thread 0x000002de9f033320 nmethod 1550 0x000002de87f60b90 code [0x000002de87f60e60, 0x000002de87f61b88]
Event: 2.963 Thread 0x000002de9f033320 1553       3       jdk.internal.org.objectweb.asm.MethodVisitor::visitInsn (16 bytes)
Event: 2.963 Thread 0x000002de9f033320 nmethod 1553 0x000002de87f62010 code [0x000002de87f621c0, 0x000002de87f623e8]
Event: 2.963 Thread 0x000002de9f033320 1552   !   3       java.lang.invoke.MethodHandles$Lookup::canBeCached (150 bytes)
Event: 2.965 Thread 0x000002de9ff30540 nmethod 1546% 0x000002de8f202490 code [0x000002de8f202640, 0x000002de8f2029a8]
Event: 2.966 Thread 0x000002de9f033320 nmethod 1552 0x000002de87f62490 code [0x000002de87f628e0, 0x000002de87f64d08]
Event: 153.233 Thread 0x000002de9f033320 1554       3       org.eclipse.jdt.launching.internal.weaving.ClassfileTransformer$1::visitSource (125 bytes)
Event: 154.266 Thread 0x000002de9f033320 

Event: 154.267 Thread 0x000002de9f033320 1555       3       org.eclipse.jdt.launching.internal.org.objectweb.asm.ClassVisitor::visitSource (17 bytes)
Event: 154.269 Thread 0x000002de9f033320 nmethod 1555 0x000002de87f65890 code [0x000002de87f65a40, 0x000002de87f65c68]
Event: 154.269 Thread 0x000002de9f033320 1556       3       org.eclipse.jdt.launching.internal.org.objectweb.asm.ClassWriter::visitSource (39 bytes)
Event: 154.272 Thread 0x000002de9f033320 nmethod 1556 0x000002de87f65d90 code [0x000002de87f65f60, 0x000002de87f66418]
Event: 154.272 Thread 0x000002de9f033320 1557       3       org.eclipse.jdt.launching.internal.org.objectweb.asm.ClassVisitor::visitEnd (15 bytes)
Event: 154.272 Thread 0x000002de9f033320 nmethod 1557 0x000002de87f66590 code [0x000002de87f66740, 0x000002de87f66968]
Event: 154.272 Thread 0x000002de9f033320 1558       3       org.eclipse.jdt.launching.internal.org.objectweb.asm.ClassWriter::visitEnd (1 bytes)
Event: 154.273 Thread 0x000002de9f033320 nmethod 1558 0x000002de87f66a10 code [0x000002de87f66ba0, 0x000002de87f66cb8]
Event: 154.273 Thread 0x000002de9f033320 1559       3       org.eclipse.jdt.launching.internal.org.objectweb.asm.SymbolTable::putBootstrapMethods (56 bytes)
Event: 154.274 Thread 0x000002de9f033320 nmethod 1559 0x000002de87f66d90 code [0x000002de87f66f80, 0x000002de87f67248]
Event: 579.991 Thread 0x000002deff9eb740 1560       4       org.eclipse.jdt.launching.internal.org.objectweb.asm.SymbolTable::addConstantUtf8Reference (20 bytes)
Event: 580.034 Thread 0x000002deff9eb740 nmethod 1560 0x000002de8f202c90 code [0x000002de8f202e40, 0x000002de8f2037e8]

GC Heap History (2 events):
Event: 2.307 GC heap before
{Heap before GC invocations=0 (full 0):
 garbage-first heap   total 262144K, used 22528K [0x0000000701c00000, 0x0000000800000000)
  region size 2048K, 11 young (22528K), 0 survivors (0K)
 Metaspace       used 4401K, committed 4544K, reserved 1056768K
  class space    used 405K, committed 512K, reserved 1048576K
}
Event: 2.312 GC heap after
{Heap after GC invocations=1 (full 0):
 garbage-first heap   total 262144K, used 2699K [0x0000000701c00000, 0x0000000800000000)
  region size 2048K, 2 young (4096K), 2 survivors (4096K)
 Metaspace       used 4401K, committed 4544K, reserved 1056768K
  class space    used 405K, committed 512K, reserved 1048576K
}

Deoptimization events (20 events):
Event: 2.757 Thread 0x000002def93d5e80 DEOPT PACKING pc=0x000002de87deb4c3 sp=0x000000f1ad6fbc90
Event: 2.757 Thread 0x000002def93d5e80 DEOPT UNPACKING pc=0x000002de876edece sp=0x000000f1ad6fb1d8 mode 0
Event: 2.818 Thread 0x000002def93d5e80 DEOPT PACKING pc=0x000002de87d16958 sp=0x000000f1ad6fc230
Event: 2.818 Thread 0x000002def93d5e80 DEOPT UNPACKING pc=0x000002de876edece sp=0x000000f1ad6fb6c0 mode 0
Event: 2.908 Thread 0x000002def93d5e80 Uncommon trap: trap_request=0xffffffde fr.pc=0x000002de8f1fede0 relative=0x0000000000000140
Event: 2.908 Thread 0x000002def93d5e80 Uncommon trap: reason=class_check action=maybe_recompile pc=0x000002de8f1fede0 method=jdk.internal.misc.Unsafe.allocateUninitializedArray(Ljava/lang/Class;I)Ljava/lang/Object; @ 51 c2
Event: 2.908 Thread 0x000002def93d5e80 DEOPT PACKING pc=0x000002de8f1fede0 sp=0x000000f1ad6fcf60
Event: 2.909 Thread 0x000002def93d5e80 DEOPT UNPACKING pc=0x000002de876ed72e sp=0x000000f1ad6fcee8 mode 2
Event: 2.909 Thread 0x000002def93d5e80 Uncommon trap: trap_request=0xffffffde fr.pc=0x000002de8f1fede0 relative=0x0000000000000140
Event: 2.909 Thread 0x000002def93d5e80 Uncommon trap: reason=class_check action=maybe_recompile pc=0x000002de8f1fede0 method=jdk.internal.misc.Unsafe.allocateUninitializedArray(Ljava/lang/Class;I)Ljava/lang/Object; @ 51 c2
Event: 2.909 Thread 0x000002def93d5e80 DEOPT PACKING pc=0x000002de8f1fede0 sp=0x000000f1ad6fcf60
Event: 2.909 Thread 0x000002def93d5e80 DEOPT UNPACKING pc=0x000002de876ed72e sp=0x000000f1ad6fcee8 mode 2
Event: 2.909 Thread 0x000002def93d5e80 Uncommon trap: trap_request=0xffffffde fr.pc=0x000002de8f1fede0 relative=0x0000000000000140
Event: 2.909 Thread 0x000002def93d5e80 Uncommon trap: reason=class_check action=maybe_recompile pc=0x000002de8f1fede0 method=jdk.internal.misc.Unsafe.allocateUninitializedArray(Ljava/lang/Class;I)Ljava/lang/Object; @ 51 c2
Event: 2.909 Thread 0x000002def93d5e80 DEOPT PACKING pc=0x000002de8f1fede0 sp=0x000000f1ad6fce30
Event: 2.909 Thread 0x000002def93d5e80 DEOPT UNPACKING pc=0x000002de876ed72e sp=0x000000f1ad6fcdb8 mode 2
Event: 2.909 Thread 0x000002def93d5e80 Uncommon trap: trap_request=0xffffffde fr.pc=0x000002de8f1fede0 relative=0x0000000000000140
Event: 2.909 Thread 0x000002def93d5e80 Uncommon trap: reason=class_check action=maybe_recompile pc=0x000002de8f1fede0 method=jdk.internal.misc.Unsafe.allocateUninitializedArray(Ljava/lang/Class;I)Ljava/lang/Object; @ 51 c2
Event: 2.909 Thread 0x000002def93d5e80 DEOPT PACKING pc=0x000002de8f1fede0 sp=0x000000f1ad6fc570
Event: 2.909 Thread 0x000002def93d5e80 DEOPT UNPACKING pc=0x000002de876ed72e sp=0x000000f1ad6fc4f8 mode 2

Classes unloaded (0 events):
No events

Classes redefined (14 events):
Event: 45.095 Thread 0x000002deff9cf1d0 redefined class name=br.unicamp.ic.inf335.beans.ProdutoBeanTest, count=1
Event: 154.240 Thread 0x000002deff9cf1d0 redefined class name=br.unicamp.ic.inf335.beans.ProdutoBeanTest, count=2
Event: 269.456 Thread 0x000002deff9cf1d0 redefined class name=br.unicamp.ic.inf335.beans.ProdutoBeanTest, count=3
Event: 493.660 Thread 0x000002deff9cf1d0 redefined class name=br.unicamp.ic.inf335.beans.ProdutoBeanTest, count=4
Event: 579.993 Thread 0x000002deff9cf1d0 redefined class name=br.unicamp.ic.inf335.beans.ProdutoBeanTest, count=5
Event: 609.710 Thread 0x000002deff9cf1d0 redefined class name=br.unicamp.ic.inf335.beans.ProdutoBeanTest, count=6
Event: 634.694 Thread 0x000002deff9cf1d0 redefined class name=br.unicamp.ic.inf335.beans.ProdutoBeanTest, count=7
Event: 703.030 Thread 0x000002deff9cf1d0 redefined class name=br.unicamp.ic.inf335.beans.ProdutoBeanTest, count=8
Event: 901.240 Thread 0x000002deff9cf1d0 redefined class name=br.unicamp.ic.inf335.beans.ProdutoBeanTest, count=9
Event: 955.447 Thread 0x000002deff9cf1d0 redefined class name=br.unicamp.ic.inf335.beans.ProdutoBeanTest, count=10
Event: 979.983 Thread 0x000002deff9cf1d0 redefined class name=br.unicamp.ic.inf335.beans.ProdutoBeanTest, count=11
Event: 1035.584 Thread 0x000002deff9cf1d0 redefined class name=br.unicamp.ic.inf335.beans.ProdutoBeanTest, count=12
Event: 1062.240 Thread 0x000002deff9cf1d0 redefined class name=br.unicamp.ic.inf335.beans.ProdutoBeanTest, count=13
Event: 1214.277 Thread 0x000002deff9cf1d0 redefined class name=br.unicamp.ic.inf335.beans.ProdutoBeanTest, count=14

Internal exceptions (20 events):
Event: 2.533 Thread 0x000002def93d5e80 Exception <a 'java/lang/NoSuchMethodError'{0x0000000711580578}: 'java.lang.Object java.lang.invoke.DirectMethodHandle$Holder.newInvokeSpecial(java.lang.Object, java.lang.Object, java.lang.Object, java.lang.Object, java.lang.Object, java.lang.Object)'> (0x0000000711580578) 
thrown [t:\workspace\open\src\hotspot\share\interpreter\linkResolver.cpp, line 790]
Event: 2.549 Thread 0x000002def93d5e80 Exception <a 'java/lang/NoSuchMethodError'{0x0000000711226200}: 'void java.lang.invoke.DirectMethodHandle$Holder.invokeInterface(java.lang.Object, java.lang.Object, java.lang.Object, java.lang.Object, java.lang.Object)'> (0x0000000711226200) 
thrown [t:\workspace\open\src\hotspot\share\interpreter\linkResolver.cpp, line 790]
Event: 2.550 Thread 0x000002def93d5e80 Exception <a 'java/lang/IncompatibleClassChangeError'{0x000000071122a378}: Found class java.lang.Object, but interface was expected> (0x000000071122a378) 
thrown [t:\workspace\open\src\hotspot\share\interpreter\linkResolver.cpp, line 857]
Event: 2.564 Thread 0x000002def93d5e80 Exception <a 'java/lang/IncompatibleClassChangeError'{0x000000071127ce88}: Found class java.lang.Object, but interface was expected> (0x000000071127ce88) 
thrown [t:\workspace\open\src\hotspot\share\interpreter\linkResolver.cpp, line 857]
Event: 2.572 Thread 0x000002def93d5e80 Exception <a 'java/lang/NoSuchMethodError'{0x00000007112ab270}: 'java.lang.Object java.lang.invoke.DirectMethodHandle$Holder.invokeStatic(java.lang.Object, java.lang.Object, int)'> (0x00000007112ab270) 
thrown [t:\workspace\open\src\hotspot\share\interpreter\linkResolver.cpp, line 790]
Event: 2.599 Thread 0x000002def93d5e80 Exception <a 'java/lang/NoSuchMethodError'{0x0000000711328890}: 'void java.lang.invoke.DirectMethodHandle$Holder.invokeSpecial(java.lang.Object, java.lang.Object, java.lang.Object, java.lang.Object, java.lang.Object)'> (0x0000000711328890) 
thrown [t:\workspace\open\src\hotspot\share\interpreter\linkResolver.cpp, line 790]
Event: 2.745 Thread 0x000002def93d5e80 Exception <a 'java/lang/NoSuchMethodError'{0x0000000710c4abd0}: 'java.lang.Object java.lang.invoke.DirectMethodHandle$Holder.newInvokeSpecial(java.lang.Object, java.lang.Object, int)'> (0x0000000710c4abd0) 
thrown [t:\workspace\open\src\hotspot\share\interpreter\linkResolver.cpp, line 790]
Event: 2.760 Thread 0x000002def93d5e80 Exception <a 'java/lang/NoSuchMethodError'{0x0000000710cbdcd8}: 'void java.lang.invoke.DirectMethodHandle$Holder.invokeInterface(java.lang.Object, java.lang.Object, java.lang.Object, java.lang.Object)'> (0x0000000710cbdcd8) 
thrown [t:\workspace\open\src\hotspot\share\interpreter\linkResolver.cpp, line 790]
Event: 2.760 Thread 0x000002def93d5e80 Exception <a 'java/lang/IncompatibleClassChangeError'{0x0000000710cc1800}: Found class java.lang.Object, but interface was expected> (0x0000000710cc1800) 
thrown [t:\workspace\open\src\hotspot\share\interpreter\linkResolver.cpp, line 857]
Event: 2.764 Thread 0x000002def93d5e80 Exception <a 'java/lang/NoSuchMethodError'{0x0000000710ce7588}: 'void java.lang.invoke.DirectMethodHandle$Holder.invokeStatic(java.lang.Object, java.lang.Object, java.lang.Object, java.lang.Object)'> (0x0000000710ce7588) 
thrown [t:\workspace\open\src\hotspot\share\interpreter\linkResolver.cpp, line 790]
Event: 2.792 Thread 0x000002def93d5e80 Exception <a 'java/lang/NoSuchMethodError'{0x0000000710dda1d0}: 'int java.lang.invoke.DirectMethodHandle$Holder.invokeStatic(java.lang.Object, java.lang.Object, java.lang.Object, java.lang.Object)'> (0x0000000710dda1d0) 
thrown [t:\workspace\open\src\hotspot\share\interpreter\linkResolver.cpp, line 790]
Event: 2.793 Thread 0x000002def93d5e80 Exception <a 'java/lang/NoSuchMethodError'{0x0000000710dddd28}: 'java.lang.Object java.lang.invoke.Invokers$Holder.invokeExact_MT(java.lang.Object, java.lang.Object, java.lang.Object, java.lang.Object, java.lang.Object, java.lang.Object)'> (0x0000000710dddd28) 
thrown [t:\workspace\open\src\hotspot\share\interpreter\linkResolver.cpp, line 790]
Event: 2.796 Thread 0x000002def93d5e80 Exception <a 'java/lang/NoSuchMethodError'{0x0000000710deea38}: 'int java.lang.invoke.DirectMethodHandle$Holder.invokeStatic(java.lang.Object, java.lang.Object, java.lang.Object, java.lang.Object, java.lang.Object)'> (0x0000000710deea38) 
thrown [t:\workspace\open\src\hotspot\share\interpreter\linkResolver.cpp, line 790]
Event: 2.815 Thread 0x000002def93d5e80 Exception <a 'java/lang/NoSuchMethodError'{0x0000000710a86840}: 'void java.lang.invoke.DirectMethodHandle$Holder.invokeStaticInit(java.lang.Object)'> (0x0000000710a86840) 
thrown [t:\workspace\open\src\hotspot\share\interpreter\linkResolver.cpp, line 790]
Event: 2.881 Thread 0x000002def93d5e80 Exception <a 'java/lang/NoSuchMethodError'{0x000000071096a4d8}: 'int java.lang.invoke.DirectMethodHandle$Holder.invokeStaticInit(java.lang.Object, java.lang.Object)'> (0x000000071096a4d8) 
thrown [t:\workspace\open\src\hotspot\share\interpreter\linkResolver.cpp, line 790]
Event: 2.929 Thread 0x000002def93d5e80 Exception <a 'java/lang/NoSuchMethodError'{0x00000007106c42f0}: 'java.lang.Object java.lang.invoke.DirectMethodHandle$Holder.newInvokeSpecial(java.lang.Object, java.lang.Object, java.lang.Object, java.lang.Object, java.lang.Object, java.lang.Object, java.lang.Object)'> (0x00000007106c42f0) 
thrown [t:\workspace\open\src\hotspot\share\interpreter\linkResolver.cpp, line 790]
Event: 2.929 Thread 0x000002def93d5e80 Exception <a 'java/lang/NoSuchMethodError'{0x00000007106c90a8}: 'java.lang.Object java.lang.invoke.Invokers$Holder.linkToTargetMethod(java.lang.Object, java.lang.Object, java.lang.Object, java.lang.Object, java.lang.Object, java.lang.Object, java.lang.Object)'> (0x00000007106c90a8) 
thrown [t:\workspace\open\src\hotspot\share\interpreter\linkResolver.cpp, line 790]
Event: 2.930 Thread 0x000002def93d5e80 Exception <a 'java/lang/NoSuchMethodError'{0x00000007106cf870}: 'java.lang.Object java.lang.invoke.DirectMethodHandle$Holder.invokeInterface(java.lang.Object, java.lang.Object, java.lang.Object, java.lang.Object, java.lang.Object)'> (0x00000007106cf870) 
thrown [t:\workspace\open\src\hotspot\share\interpreter\linkResolver.cpp, line 790]
Event: 2.931 Thread 0x000002def93d5e80 Exception <a 'java/lang/IncompatibleClassChangeError'{0x00000007106d3868}: Found class java.lang.Object, but interface was expected> (0x00000007106d3868) 
thrown [t:\workspace\open\src\hotspot\share\interpreter\linkResolver.cpp, line 857]
Event: 2.942 Thread 0x000002def93d5e80 Exception <a 'java/lang/NoSuchMethodError'{0x000000071073e5a8}: 'int java.lang.invoke.DirectMethodHandle$Holder.invokeInterface(java.lang.Object, java.lang.Object)'> (0x000000071073e5a8) 
thrown [t:\workspace\open\src\hotspot\share\interpreter\linkResolver.cpp, line 790]

Events (20 events):
Event: 1309.802 Executing  VM operation: get/set locals done
Event: 1309.802 Executing  VM operation: get/set locals
Event: 1309.802 Executing  VM operation: get/set locals done
Event: 1309.803 Executing  VM operation: get/set locals
Event: 1309.803 Executing  VM operation: get/set locals done
Event: 1309.804 Executing  VM operation: get/set locals
Event: 1309.804 Executing  VM operation: get/set locals done
Event: 1309.805 Executing  VM operation: get/set locals
Event: 1309.805 Executing  VM operation: get/set locals done
Event: 1309.805 Executing  VM operation: get/set locals
Event: 1309.805 Executing  VM operation: get/set locals done
Event: 1309.806 Executing  VM operation: get/set locals
Event: 1309.806 Executing  VM operation: get/set locals done
Event: 1309.807 Executing  VM operation: get/set locals
Event: 1309.807 Executing  VM operation: get/set locals done
Event: 1317.027 Executing  VM operation: ChangeBreakpoints
Event: 1317.027 Executing  VM operation: ChangeBreakpoints done
Event: 1317.516 Executing  VM operation: ChangeBreakpoints
Event: 1317.516 Executing  VM operation: ChangeBreakpoints done
Event: 1320.056 Executing  VM operation: get/set locals


Dynamic libraries:
0x00007ff605a00000 - 0x00007ff605a10000 	C:\Program Files\Java\jdk-16.0.2\bin\javaw.exe
0x00007ffc94650000 - 0x00007ffc94845000 	C:\WINDOWS\SYSTEM32\ntdll.dll
0x00007ffc55030000 - 0x00007ffc55046000 	C:\Program Files\AVG\Antivirus\aswhook.dll
0x00007ffc93410000 - 0x00007ffc934ce000 	C:\WINDOWS\System32\KERNEL32.DLL
0x00007ffc92340000 - 0x00007ffc92608000 	C:\WINDOWS\System32\KERNELBASE.dll
0x00007ffc91f70000 - 0x00007ffc92070000 	C:\WINDOWS\System32\ucrtbase.dll
0x00007ffc8cb40000 - 0x00007ffc8cb58000 	C:\Program Files\Java\jdk-16.0.2\bin\jli.dll
0x00007ffc93120000 - 0x00007ffc931ce000 	C:\WINDOWS\System32\ADVAPI32.dll
0x00007ffc932b0000 - 0x00007ffc9334e000 	C:\WINDOWS\System32\msvcrt.dll
0x00007ffc94340000 - 0x00007ffc943dc000 	C:\WINDOWS\System32\sechost.dll
0x00007ffc93bc0000 - 0x00007ffc93ce5000 	C:\WINDOWS\System32\RPCRT4.dll
0x00007ffc94450000 - 0x00007ffc945f0000 	C:\WINDOWS\System32\USER32.dll
0x00007ffc92610000 - 0x00007ffc92632000 	C:\WINDOWS\System32\win32u.dll
0x00007ffc92f90000 - 0x00007ffc92fbb000 	C:\WINDOWS\System32\GDI32.dll
0x00007ffc92130000 - 0x00007ffc9223b000 	C:\WINDOWS\System32\gdi32full.dll
0x00007ffc91d70000 - 0x00007ffc91e0d000 	C:\WINDOWS\System32\msvcp_win.dll
0x00007ffc8cb60000 - 0x00007ffc8cb79000 	C:\Program Files\Java\jdk-16.0.2\bin\VCRUNTIME140.dll
0x00007ffc86bc0000 - 0x00007ffc86e5a000 	C:\WINDOWS\WinSxS\amd64_microsoft.windows.common-controls_6595b64144ccf1df_6.0.19041.1110_none_60b5254171f9507e\COMCTL32.dll
0x00007ffc8abd0000 - 0x00007ffc8abda000 	C:\WINDOWS\SYSTEM32\VERSION.dll
0x00007ffc93cf0000 - 0x00007ffc93d20000 	C:\WINDOWS\System32\IMM32.DLL
0x00007ffc8dcb0000 - 0x00007ffc8dcbc000 	C:\Program Files\Java\jdk-16.0.2\bin\vcruntime140_1.dll
0x00007ffc79160000 - 0x00007ffc791f1000 	C:\Program Files\Java\jdk-16.0.2\bin\msvcp140.dll
0x00007ffc11b20000 - 0x00007ffc126cb000 	C:\Program Files\Java\jdk-16.0.2\bin\server\jvm.dll
0x00007ffc94080000 - 0x00007ffc94088000 	C:\WINDOWS\System32\PSAPI.DLL
0x00007ffc84940000 - 0x00007ffc84949000 	C:\WINDOWS\SYSTEM32\WSOCK32.dll
0x00007ffc943e0000 - 0x00007ffc9444b000 	C:\WINDOWS\System32\WS2_32.dll
0x00007ffc87020000 - 0x00007ffc87047000 	C:\WINDOWS\SYSTEM32\WINMM.dll
0x00007ffc8fc80000 - 0x00007ffc8fc92000 	C:\WINDOWS\SYSTEM32\kernel.appcore.dll
0x00007ffc8c5d0000 - 0x00007ffc8c5da000 	C:\Program Files\Java\jdk-16.0.2\bin\jimage.dll
0x00007ffc88430000 - 0x00007ffc88614000 	C:\WINDOWS\SYSTEM32\DBGHELP.DLL
0x00007ffc88370000 - 0x00007ffc8839c000 	C:\WINDOWS\SYSTEM32\dbgcore.DLL
0x00007ffc920a0000 - 0x00007ffc92122000 	C:\WINDOWS\System32\bcryptPrimitives.dll
0x00007ffc83780000 - 0x00007ffc837bb000 	C:\Program Files\Java\jdk-16.0.2\bin\jdwp.dll
0x00007ffc8dc40000 - 0x00007ffc8dc4e000 	C:\Program Files\Java\jdk-16.0.2\bin\instrument.dll
0x00007ffc8bb30000 - 0x00007ffc8bb55000 	C:\Program Files\Java\jdk-16.0.2\bin\java.dll
0x00007ffc92840000 - 0x00007ffc92f84000 	C:\WINDOWS\System32\SHELL32.dll
0x00007ffc8fe80000 - 0x00007ffc90614000 	C:\WINDOWS\SYSTEM32\windows.storage.dll
0x00007ffc93d20000 - 0x00007ffc94074000 	C:\WINDOWS\System32\combase.dll
0x00007ffc917d0000 - 0x00007ffc917fc000 	C:\WINDOWS\SYSTEM32\Wldp.dll
0x00007ffc93360000 - 0x00007ffc9340d000 	C:\WINDOWS\System32\SHCORE.dll
0x00007ffc934d0000 - 0x00007ffc93525000 	C:\WINDOWS\System32\shlwapi.dll
0x00007ffc91cb0000 - 0x00007ffc91ccf000 	C:\WINDOWS\SYSTEM32\profapi.dll
0x00007ffc8cf40000 - 0x00007ffc8cf4c000 	C:\Program Files\Java\jdk-16.0.2\bin\dt_socket.dll
0x00007ffc911d0000 - 0x00007ffc9120b000 	C:\WINDOWS\SYSTEM32\IPHLPAPI.DLL
0x00007ffc91530000 - 0x00007ffc9159a000 	C:\WINDOWS\system32\mswsock.dll
0x00007ffc91210000 - 0x00007ffc912da000 	C:\WINDOWS\SYSTEM32\DNSAPI.dll
0x00007ffc93b50000 - 0x00007ffc93b58000 	C:\WINDOWS\System32\NSI.dll
0x00007ffc875c0000 - 0x00007ffc875ca000 	C:\Windows\System32\rasadhlp.dll
0x00007ffc84880000 - 0x00007ffc848ff000 	C:\WINDOWS\System32\fwpuclnt.dll
0x00007ffc92070000 - 0x00007ffc92097000 	C:\WINDOWS\System32\bcrypt.dll
0x00007ffc8b8e0000 - 0x00007ffc8b8f8000 	C:\Program Files\Java\jdk-16.0.2\bin\zip.dll
0x00007ffc8bb10000 - 0x00007ffc8bb29000 	C:\Program Files\Java\jdk-16.0.2\bin\net.dll
0x00007ffc88220000 - 0x00007ffc88329000 	C:\WINDOWS\SYSTEM32\WINHTTP.dll
0x00007ffc8b900000 - 0x00007ffc8b913000 	C:\Program Files\Java\jdk-16.0.2\bin\nio.dll
0x00007ffc8bde0000 - 0x00007ffc8bdf0000 	C:\Program Files\Java\jdk-16.0.2\bin\verify.dll
0x00007ffc8ae30000 - 0x00007ffc8ae47000 	C:\WINDOWS\SYSTEM32\dhcpcsvc6.DLL
0x00007ffc8ada0000 - 0x00007ffc8adbd000 	C:\WINDOWS\SYSTEM32\dhcpcsvc.DLL

dbghelp: loaded successfully - version: 4.0.5 - missing functions: none
symbol engine: initialized successfully - sym options: 0x614 - pdb path: .;C:\Program Files\Java\jdk-16.0.2\bin;C:\WINDOWS\SYSTEM32;C:\Program Files\AVG\Antivirus;C:\WINDOWS\WinSxS\amd64_microsoft.windows.common-controls_6595b64144ccf1df_6.0.19041.1110_none_60b5254171f9507e;C:\Program Files\Java\jdk-16.0.2\bin\server

VM Arguments:
jvm_args: -XX:+ShowCodeDetailsInExceptionMessages -agentlib:jdwp=transport=dt_socket,suspend=y,address=localhost:63399 -ea -javaagent:C:\Users\Pedro\eclipse\java-2022-03\eclipse\configuration\org.eclipse.osgi\225\0\.cp\lib\javaagent-shaded.jar -Dfile.encoding=Cp1252 
java_command: org.eclipse.jdt.internal.junit.runner.RemoteTestRunner -version 3 -port 63398 -testLoaderClass org.eclipse.jdt.internal.junit5.runner.JUnit5TestLoader -loaderpluginname org.eclipse.jdt.junit5.runtime -classNames br.unicamp.ic.inf335.beans.ProdutoBeanTest
java_class_path (initial): C:\Users\Pedro\OneDrive\Área de Trabalho\0_INSTITUCIONAL PEDRO\_ESTUDOS ATUAIS_2022\8_AMBIENTES PARA CONCEPÇÃO DE SOFTWARE\TAREFAS\TAREFA AULA 02 - TESTES UNITÁRIOS\CódigoFonteTrabalho2_Corrigido\bin;C:\Users\Pedro\.p2\pool\plugins\org.junit.jupiter.api_5.8.1.v20211018-1956.jar;C:\Users\Pedro\.p2\pool\plugins\org.junit.jupiter.engine_5.8.1.v20211018-1956.jar;C:\Users\Pedro\.p2\pool\plugins\org.junit.jupiter.migrationsupport_5.8.1.v20211018-1956.jar;C:\Users\Pedro\.p2\pool\plugins\org.junit.jupiter.params_5.8.1.v20211018-1956.jar;C:\Users\Pedro\.p2\pool\plugins\org.junit.platform.commons_1.8.1.v20211018-1956.jar;C:\Users\Pedro\.p2\pool\plugins\org.junit.platform.engine_1.8.1.v20211018-1956.jar;C:\Users\Pedro\.p2\pool\plugins\org.junit.platform.launcher_1.8.1.v20211018-1956.jar;C:\Users\Pedro\.p2\pool\plugins\org.junit.platform.runner_1.8.1.v20211018-1956.jar;C:\Users\Pedro\.p2\pool\plugins\org.junit.platform.suite.api_1.8.1.v20211018-1956.jar;C:\Users\Pedro\.p2\pool\plugins\org.junit.platform.suite.engine_1.8.1.v20211028-1957.jar;C:\Users\Pedro\.p2\pool\plugins\org.junit.platform.suite.commons_1.8.1.v20211018-1956.jar;C:\Users\Pedro\.p2\pool\plugins\org.junit.vintage.engine_5.8.1.v20211018-1956.jar;C:\Users\Pedro\.p2\pool\plugins\org.opentest4j_1.2.0.v20211018-1956.jar;C:\Users\Pedro\.p2\pool\plugins\org.apiguardian_1.1.2.v20211018-1956.jar;C:\Users\Pedro\.p2\pool\plugins\org.junit_4.13.2.v20211018-1956.jar;C:\Users\Pedro\.p2\pool\plugins\org.hamcrest.core_1.3.0.v20180420-1519.jar;C:\Users\Pedro\eclipse\java-2022-03\eclipse\configuration\org.eclipse.osgi\224\0\.cp;C:\Users\Pedro\eclipse\java-2022-03\eclipse\configuration\org.eclipse.osgi\222\0\.cp
Launcher Type: SUN_STANDARD

[Global flags]
     intx CICompilerCount                          = 4                                         {product} {ergonomic}
     uint ConcGCThreads                            = 2                                         {product} {ergonomic}
     uint G1ConcRefinementThreads                  = 8                                         {product} {ergonomic}
   size_t G1HeapRegionSize                         = 2097152                                   {product} {ergonomic}
    uintx GCDrainStackTargetSize                   = 64                                        {product} {ergonomic}
   size_t InitialHeapSize                          = 268435456                                 {product} {ergonomic}
   size_t MarkStackSize                            = 4194304                                   {product} {ergonomic}
   size_t MaxHeapSize                              = 4265607168                                {product} {ergonomic}
   size_t MaxNewSize                               = 2558525440                                {product} {ergonomic}
   size_t MinHeapDeltaBytes                        = 2097152                                   {product} {ergonomic}
   size_t MinHeapSize                              = 8388608                                   {product} {ergonomic}
    uintx NonNMethodCodeHeapSize                   = 5839372                                {pd product} {ergonomic}
    uintx NonProfiledCodeHeapSize                  = 122909434                              {pd product} {ergonomic}
    uintx ProfiledCodeHeapSize                     = 122909434                              {pd product} {ergonomic}
    uintx ReservedCodeCacheSize                    = 251658240                              {pd product} {ergonomic}
     bool SegmentedCodeCache                       = true                                      {product} {ergonomic}
     bool ShowCodeDetailsInExceptionMessages       = true                                   {manageable} {command line}
   size_t SoftMaxHeapSize                          = 4265607168                             {manageable} {ergonomic}
     bool UseCompressedClassPointers               = true                           {product lp64_product} {ergonomic}
     bool UseCompressedOops                        = true                           {product lp64_product} {ergonomic}
     bool UseG1GC                                  = true                                      {product} {ergonomic}
     bool UseLargePagesIndividualAllocation        = false                                  {pd product} {ergonomic}

Logging:
Log output configuration:
 #0: stdout all=warning uptime,level,tags
 #1: stderr all=off uptime,level,tags

Environment Variables:
PATH=C:\Program Files\Common Files\Oracle\Java\javapath;C:\Program Files (x86)\Common Files\Oracle\Java\javapath;C:\Program Files\Microsoft MPI\Bin\;C:\Program Files (x86)\Python38-32\Scripts\;C:\Program Files (x86)\Python38-32\;C:\Windows\system32;C:\Windows;C:\Windows\System32\Wbem;C:\Windows\System32\WindowsPowerShell\v1.0\;C:\Windows\System32\OpenSSH\;C:\Program Files\Microsoft SQL Server\120\Tools\Binn\;C:\Program Files\Common Files\Autodesk Shared\;C:\Program Files (x86)\NVIDIA Corporation\PhysX\Common;C:\Program Files\Autodesk\Autodesk RFA 2020\;C:\WINDOWS\system32;C:\WINDOWS;C:\WINDOWS\System32\Wbem;C:\WINDOWS\System32\WindowsPowerShell\v1.0\;C:\WINDOWS\System32\OpenSSH\;C:\ProgramData\chocolatey\bin;C:\Program Files\Microsoft SQL Server\Client SDK\ODBC\170\Tools\Binn\;C:\Program Files (x86)\Microsoft SQL Server\150\Tools\Binn\;C:\Program Files\Microsoft SQL Server\150\Tools\Binn\;C:\Program Files\Microsoft SQL Server\150\DTS\Binn\;C:\Program Files (x86)\Microsoft SQL Server\150\DTS\Binn\;C:\Program Files\Git\cmd;C:\Users\Pedro\AppData\Local\Programs\Python\Python310\Scripts\;C:\Users\Pedro\AppData\Local\Programs\Python\Python310\;C:\Program Files\MySQL\MySQL Shell 8.0\bin\;C:\Users\Pedro\AppData\Local\Microsoft\WindowsApps;C:\Program Files\JetBrains\PyCharm Community Edition 2020.2.2\bin;C:\gradle\gradle-7.0.2\bin;C:\maven\apache-maven-3.8.1\bin;C:\javafx-sdk-16\bin;C:\Program Files\Azure Data Studio\bin;C:\Users\Pedro\AppData\Local\Programs\Microsoft VS Code\bin;C:\Users\Pedro\AppData\Local\gitkraken\bin;C:\Users\Pedro\AppData\Local\GitHubDesktop\bin
USERNAME=Pedro
OS=Windows_NT
PROCESSOR_IDENTIFIER=Intel64 Family 6 Model 158 Stepping 9, GenuineIntel



---------------  S Y S T E M  ---------------

OS:
 Windows 10 , 64 bit Build 19041 (10.0.19041.1566)
OS uptime: 1 days 2:45 hours

CPU: total 8 (initial active 8) (4 cores per cpu, 2 threads per core) family 6 model 158 stepping 9 microcode 0xb4, cx8, cmov, fxsr, ht, mmx, 3dnowpref, sse, sse2, sse3, ssse3, sse4.1, sse4.2, popcnt, lzcnt, tsc, tscinvbit, avx, avx2, aes, erms, clmul, bmi1, bmi2, adx, fma, vzeroupper, clflush, clflushopt

Memory: 4k page, system-wide physical 16267M (244M free)
TotalPageFile size 45933M (AvailPageFile size 3042M)
current process WorkingSet (physical memory assigned to process): 33M, peak: 80M
current process commit charge ("private bytes"): 355M, peak: 361M

vm_info: Java HotSpot(TM) 64-Bit Server VM (16.0.2+7-67) for windows-amd64 JRE (16.0.2+7-67), built on Jun  8 2021 23:24:19 by "mach5one" with MS VC++ 16.7 (VS2019)

END.
